#
# There is insufficient memory for the Java Runtime Environment to continue.
# Native memory allocation (mmap) failed to map 67108864 bytes for Failed to commit area from 0x00000000e0000000 to 0x00000000e4000000 of length 67108864.
# Possible reasons:
#   The system is out of physical RAM or swap space
#   The process is running with CompressedOops enabled, and the Java Heap may be blocking the growth of the native heap
# Possible solutions:
#   Reduce memory load on the system
#   Increase physical memory or swap space
#   Check if swap backing store is full
#   Decrease Java heap size (-Xmx/-Xms)
#   Decrease number of Java threads
#   Decrease Java thread stack sizes (-Xss)
#   Set larger code cache with -XX:ReservedCodeCacheSize=
# This output file may be truncated or incomplete.
#
#  Out of Memory Error (t:/workspace/open/src/hotspot/os/windows/os_windows.cpp:3301), pid=3888, tid=7856
#
# JRE version:  (13.0.2+8) (build )
# Java VM: Java HotSpot(TM) 64-Bit Server VM (13.0.2+8, mixed mode, aot, sharing, tiered, compressed oops, g1 gc, windows-amd64)
# No core dump will be written. Minidumps are not enabled by default on client versions of Windows
#

---------------  S U M M A R Y ------------

Command Line: -Dorg.gradle.native=false -Xmx512m -Dfile.encoding=windows-1251 -Duser.country=US -Duser.language=en -Duser.variant -ea worker.org.gradle.process.internal.worker.GradleWorkerMain 'Gradle Test Executor 1'

Host: Intel(R) Celeron(R) CPU  N3150  @ 1.60GHz, 4 cores, 3G,  Windows 10 , 64 bit Build 18362 (10.0.18362.1082)
Time: Sun Oct  4 15:08:48 2020 Russia TZ 2 Standard Time elapsed time: 0 seconds (0d 0h 0m 0s)

---------------  T H R E A D  ---------------

Current thread (0x0000026b7222f800):  JavaThread "Unknown thread" [_thread_in_vm, id=7856, stack(0x000000bcfd200000,0x000000bcfd300000)]

Stack: [0x000000bcfd200000,0x000000bcfd300000]
Native frames: (J=compiled Java code, j=interpreted, Vv=VM code, C=native code)
V  [jvm.dll+0x624f9a]
V  [jvm.dll+0x770cfa]
V  [jvm.dll+0x7724af]
V  [jvm.dll+0x772ab3]
V  [jvm.dll+0x24bf08]
V  [jvm.dll+0x6222aa]
V  [jvm.dll+0x6170b5]
V  [jvm.dll+0x30a88c]
V  [jvm.dll+0x30a6c2]
V  [jvm.dll+0x30fe36]
V  [jvm.dll+0x353f46]
V  [jvm.dll+0x353720]
V  [jvm.dll+0x2e550a]
V  [jvm.dll+0x2e67a2]
V  [jvm.dll+0x74dd78]
V  [jvm.dll+0x361989]
V  [jvm.dll+0x730e65]
V  [jvm.dll+0x3cc53f]
V  [jvm.dll+0x3ce861]
C  [jli.dll+0x51ff]
C  [ucrtbase.dll+0x20e82]
C  [KERNEL32.DLL+0x17bd4]
C  [ntdll.dll+0x6ce51]


---------------  P R O C E S S  ---------------

Threads class SMR info:
_java_thread_list=0x00007ffaecefccb8, length=0, elements={
}

Java Threads: ( => current thread )

Other Threads:
  0x0000026b72256000 GCTaskThread "GC Thread#0" [stack: 0x000000bcfd300000,0x000000bcfd400000] [id=6820]
  0x0000026b7225b800 ConcurrentGCThread "G1 Main Marker" [stack: 0x000000bcfd400000,0x000000bcfd500000] [id=5876]
  0x0000026b7225d000 ConcurrentGCThread "G1 Conc#0" [stack: 0x000000bcfd500000,0x000000bcfd600000] [id=524]

[error occurred during error reporting (printing all threads), id 0xc0000005, EXCEPTION_ACCESS_VIOLATION (0xc0000005) at pc=0x00007ffaec7351d7]

VM state:not at safepoint (not fully initialized)

VM Mutex/Monitor currently owned by a thread:  ([mutex/lock_event])
[0x0000026b7016bea0] Heap_lock - owner thread: 0x0000026b7222f800

Heap address: 0x00000000e0000000, size: 512 MB, Compressed Oops mode: Non-zero based: 0x00000000e0000000
Narrow klass base: 0x0000000000000000, Narrow klass shift: 0

GC Heap History (0 events):
No events

Deoptimization events (0 events):
No events

Classes unloaded (0 events):
No events

Classes redefined (0 events):
No events

Internal exceptions (0 events):
No events

Events (8 events):
Event: 0.024 Loaded shared library C:\Program Files\Java\jdk-13.0.2\bin\zip.dll
Event: 0.026 Loaded shared library C:\Program Files\Java\jdk-13.0.2\bin\jimage.dll
Event: 0.031 Loading shared library C:\Program Files\Java\jdk-13.0.2\lib\libjava.base-coop.dll failed, error code 126
Event: 0.031 Loading shared library C:\Program Files\Java\jdk-13.0.2\lib\libjava.logging-coop.dll failed, error code 126
Event: 0.032 Loading shared library C:\Program Files\Java\jdk-13.0.2\lib\libjdk.compiler-coop.dll failed, error code 126
Event: 0.032 Loading shared library C:\Program Files\Java\jdk-13.0.2\lib\libjdk.scripting.nashorn-coop.dll failed, error code 126
Event: 0.032 Loading shared library C:\Program Files\Java\jdk-13.0.2\lib\libjdk.internal.vm.ci-coop.dll failed, error code 126
Event: 0.032 Loading shared library C:\Program Files\Java\jdk-13.0.2\lib\libjdk.internal.vm.compiler-coop.dll failed, error code 126


Dynamic libraries:
0x00007ff76a790000 - 0x00007ff76a79f000 	C:\Program Files\Java\jdk-13.0.2\bin\java.exe
0x00007ffb36560000 - 0x00007ffb36750000 	C:\Windows\SYSTEM32\ntdll.dll
0x00007ffb35c40000 - 0x00007ffb35cf2000 	C:\Windows\System32\KERNEL32.DLL
0x00007ffb338b0000 - 0x00007ffb33b55000 	C:\Windows\System32\KERNELBASE.dll
0x00007ffb334f0000 - 0x00007ffb335ea000 	C:\Windows\System32\ucrtbase.dll
0x00007ffb1da80000 - 0x00007ffb1da98000 	C:\Program Files\Java\jdk-13.0.2\bin\jli.dll
0x00007ffb1a050000 - 0x00007ffb1a065000 	C:\Program Files\Java\jdk-13.0.2\bin\VCRUNTIME140.dll
0x00007ffb35380000 - 0x00007ffb35423000 	C:\Windows\System32\ADVAPI32.dll
0x00007ffb35d00000 - 0x00007ffb35d9e000 	C:\Windows\System32\msvcrt.dll
0x00007ffb35450000 - 0x00007ffb354e7000 	C:\Windows\System32\sechost.dll
0x00007ffb34620000 - 0x00007ffb34740000 	C:\Windows\System32\RPCRT4.dll
0x00007ffb35750000 - 0x00007ffb358e5000 	C:\Windows\System32\USER32.dll
0x00007ffb33b60000 - 0x00007ffb33b81000 	C:\Windows\System32\win32u.dll
0x00007ffb255b0000 - 0x00007ffb25834000 	C:\Windows\WinSxS\amd64_microsoft.windows.common-controls_6595b64144ccf1df_6.0.18362.1082_none_9e8193e1e45b25c1\COMCTL32.dll
0x00007ffb36470000 - 0x00007ffb36496000 	C:\Windows\System32\GDI32.dll
0x00007ffb34470000 - 0x00007ffb34606000 	C:\Windows\System32\gdi32full.dll
0x00007ffb35da0000 - 0x00007ffb360d5000 	C:\Windows\System32\combase.dll
0x00007ffb335f0000 - 0x00007ffb3368e000 	C:\Windows\System32\msvcp_win.dll
0x00007ffb33830000 - 0x00007ffb338b0000 	C:\Windows\System32\bcryptPrimitives.dll
0x00007ffb280e0000 - 0x00007ffb280ea000 	C:\Windows\SYSTEM32\VERSION.dll
0x00007ffb359d0000 - 0x00007ffb359fe000 	C:\Windows\System32\IMM32.DLL
0x00007ffb11230000 - 0x00007ffb112cb000 	C:\Program Files\Java\jdk-13.0.2\bin\msvcp140.dll
0x00007ffaec440000 - 0x00007ffaecf9d000 	C:\Program Files\Java\jdk-13.0.2\bin\server\jvm.dll
0x00007ffb34e30000 - 0x00007ffb34e38000 	C:\Windows\System32\PSAPI.DLL
0x00007ffb30f80000 - 0x00007ffb30fa4000 	C:\Windows\SYSTEM32\WINMM.dll
0x00007ffb31f00000 - 0x00007ffb31f09000 	C:\Windows\SYSTEM32\WSOCK32.dll
0x00007ffb36350000 - 0x00007ffb363bf000 	C:\Windows\System32\WS2_32.dll
0x00007ffb30f50000 - 0x00007ffb30f7d000 	C:\Windows\SYSTEM32\WINMMBASE.dll
0x00007ffb337e0000 - 0x00007ffb3382a000 	C:\Windows\System32\cfgmgr32.dll
0x00007ffb334d0000 - 0x00007ffb334e1000 	C:\Windows\System32\kernel.appcore.dll
0x00007ffb2f8d0000 - 0x00007ffb2f8e0000 	C:\Program Files\Java\jdk-13.0.2\bin\verify.dll
0x00007ffb31ce0000 - 0x00007ffb31ed4000 	C:\Windows\SYSTEM32\DBGHELP.DLL
0x00007ffb28070000 - 0x00007ffb2809a000 	C:\Windows\SYSTEM32\dbgcore.DLL
0x00007ffb1a020000 - 0x00007ffb1a046000 	C:\Program Files\Java\jdk-13.0.2\bin\java.dll
0x00007ffb18200000 - 0x00007ffb18217000 	C:\Program Files\Java\jdk-13.0.2\bin\zip.dll
0x00007ffb2cc50000 - 0x00007ffb2cc5a000 	C:\Program Files\Java\jdk-13.0.2\bin\jimage.dll

dbghelp: loaded successfully - version: 4.0.5 - missing functions: none
symbol engine: initialized successfully - sym options: 0x614 - pdb path: .;C:\Program Files\Java\jdk-13.0.2\bin;C:\Windows\SYSTEM32;C:\Windows\WinSxS\amd64_microsoft.windows.common-controls_6595b64144ccf1df_6.0.18362.1082_none_9e8193e1e45b25c1;C:\Program Files\Java\jdk-13.0.2\bin\server

VM Arguments:
jvm_args: -Dorg.gradle.native=false -Xmx512m -Dfile.encoding=windows-1251 -Duser.country=US -Duser.language=en -Duser.variant -ea 
java_command: worker.org.gradle.process.internal.worker.GradleWorkerMain 'Gradle Test Executor 1'
java_class_path (initial): C:\\Users\\true_cookie\\.gradle\\caches\\6.3\\workerMain\\gradle-worker.jar;C:\\Users\\true_cookie\\IdeaProjects\\sorting\\build\\classes\\java\\test;C:\\Users\\true_cookie\\IdeaProjects\\sorting\\build\\resources\\test;C:\\Users\\true_cookie\\IdeaProjects\\sorting\\build\\classes\\java\\main;C:\\Users\\true_cookie\\IdeaProjects\\sorting\\build\\resources\\main;C:\\Users\\true_cookie\\.gradle\\caches\\modules-2\\files-2.1\\org.junit.jupiter\\junit-jupiter\\5.4.2\\3d53c16407bcc8f32b3569e10f9c4c3ec1792dc6\\junit-jupiter-5.4.2.jar;C:\\Users\\true_cookie\\.gradle\\caches\\modules-2\\files-2.1\\junit\\junit\\4.12\\2973d150c0dc1fefe998f834810d68f278ea58ec\\junit-4.12.jar;C:\\Users\\true_cookie\\.gradle\\caches\\modules-2\\files-2.1\\org.junit.jupiter\\junit-jupiter-params\\5.4.2\\90869581419d4125a30d7b80800c1c86a48d18ad\\junit-jupiter-params-5.4.2.jar;C:\\Users\\true_cookie\\.gradle\\caches\\modules-2\\files-2.1\\org.junit.jupiter\\junit-jupiter-engine\\5.4.2\\4d10922ce4d9c4e22cef8ff5386cb273b9f12281\\junit-jupiter-engine-5.4.2.jar;C:\\Users\\true_cookie\\.gradle\\caches\\modules-2\\files-2.1\\org.junit.jupiter\\junit-jupiter-api\\5.4.2\\665d1c0daecb26c6210c872768000b417e7e52b6\\junit-jupiter-api-5.4.2.jar;C:\\Users\\true_cookie\\.gradle\\caches\\modules-2\\files-2.1\\org.hamcrest\\hamcrest-core\\1.3\\42a25dc3219429f0e5d060061f71acb49bf010a0\\hamcrest-core-1.3.jar;C:\\Users\\true_cookie\\.gradle\\caches\\modules-2\\files-2.1\\org.junit.platform\\junit-platform-engine\\1.4.2\\52b70561f65bb397b054876f2d8c6f30b06c3581\\junit-platform-engine-1.4.2.jar;C:\\Users\\true_cookie\\.gradle\\caches\\modules-2\\files-2.1\\org.junit.platform\\junit-platform-commons\\1.4.2\\37993dc807ca253aa347be8968a0ae7b70642dbc\\junit-platform-commons-1.4.2.jar;C:\\Users\\true_cookie\\.gradle\\caches\\modules-2\\files-2.1\\org.apiguardian\\apiguardian-api\\1.0.0\\3ef5276905e36f4d8055fe3cb0bdcc7503ffc85d\\apiguardian-api-1.0.0.jar;C:\\Users\\true_cookie\\.gradle\\caches\\m
Launcher Type: SUN_STANDARD

[Global flags]
     intx CICompilerCount                          = 3                                         {product} {ergonomic}
     uint ConcGCThreads                            = 1                                         {product} {ergonomic}
     uint G1ConcRefinementThreads                  = 4                                         {product} {ergonomic}
   size_t G1HeapRegionSize                         = 1048576                                   {product} {ergonomic}
    uintx GCDrainStackTargetSize                   = 64                                        {product} {ergonomic}
   size_t InitialHeapSize                          = 67108864                                  {product} {ergonomic}
   size_t MarkStackSize                            = 4194304                                   {product} {ergonomic}
   size_t MaxHeapSize                              = 536870912                                 {product} {command line}
   size_t MinHeapDeltaBytes                        = 1048576                                   {product} {ergonomic}
   size_t MinHeapSize                              = 8388608                                   {product} {ergonomic}
    uintx NonNMethodCodeHeapSize                   = 5832780                                {pd product} {ergonomic}
    uintx NonProfiledCodeHeapSize                  = 122912730                              {pd product} {ergonomic}
    uintx ProfiledCodeHeapSize                     = 122912730                              {pd product} {ergonomic}
    uintx ReservedCodeCacheSize                    = 251658240                              {pd product} {ergonomic}
     bool SegmentedCodeCache                       = true                                      {product} {ergonomic}
   size_t SoftMaxHeapSize                          = 536870912                              {manageable} {ergonomic}
     bool UseCompressedClassPointers               = true                                 {lp64_product} {ergonomic}
     bool UseCompressedOops                        = true                                 {lp64_product} {ergonomic}
     bool UseG1GC                                  = true                                      {product} {ergonomic}
     bool UseLargePagesIndividualAllocation        = false                                  {pd product} {ergonomic}

Logging:
Log output configuration:
 #0: stdout all=warning uptime,level,tags
 #1: stderr all=off uptime,level,tags

Environment Variables:
JAVA_HOME=C:\Program Files\Java\jdk-13.0.2
PATH=C:\Windows\system32;C:\Windows;C:\Windows\System32\Wbem;C:\Windows\System32\WindowsPowerShell\v1.0\;C:\Windows\System32\OpenSSH\;C:\Program Files\Java\jdk-13.0.2\bin;C:\Program Files\Git\cmd;C:\Program Files\PostgreSQL\12\bin;C:\Program Files\PostgreSQL\12\lib;C:\Users\true_cookie\AppData\Local\Microsoft\WindowsApps;C:\Program Files\JetBrains\IntelliJ IDEA Community Edition 2020.2.1\bin;;C:\Program Files\PostgreSQL\12\bin;C:\Program Files\PostgreSQL\12\lib;
USERNAME=true_cookie
OS=Windows_NT
PROCESSOR_IDENTIFIER=Intel64 Family 6 Model 76 Stepping 3, GenuineIntel



---------------  S Y S T E M  ---------------

OS: Windows 10 , 64 bit Build 18362 (10.0.18362.1082)

CPU:total 4 (initial active 4) (4 cores per cpu, 1 threads per core) family 6 model 76 stepping 3, cmov, cx8, fxsr, mmx, sse, sse2, sse3, ssse3, sse4.1, sse4.2, popcnt, aes, clmul, erms, 3dnowpref, tsc, tscinvbit

Memory: 4k page, system-wide physical 3998M (305M free)
TotalPageFile size 6046M (AvailPageFile size 35M)
current process WorkingSet (physical memory assigned to process): 10M, peak: 10M
current process commit charge ("private bytes"): 51M, peak: 115M

vm_info: Java HotSpot(TM) 64-Bit Server VM (13.0.2+8) for windows-amd64 JRE (13.0.2+8), built on Dec 11 2019 09:20:33 by "mach5one" with unknown MS VC++:1916

END.
