#
# There is insufficient memory for the Java Runtime Environment to continue.
# Native memory allocation (malloc) failed to allocate 1384336 bytes for Chunk::new
# Possible reasons:
#   The system is out of physical RAM or swap space
#   The process is running with CompressedOops enabled, and the Java Heap may be blocking the growth of the native heap
# Possible solutions:
#   Reduce memory load on the system
#   Increase physical memory or swap space
#   Check if swap backing store is full
#   Decrease Java heap size (-Xmx/-Xms)
#   Decrease number of Java threads
#   Decrease Java thread stack sizes (-Xss)
#   Set larger code cache with -XX:ReservedCodeCacheSize=
#   JVM is running with Unscaled Compressed Oops mode in which the Java heap is
#     placed in the first 4GB address space. The Java Heap base address is the
#     maximum limit for the native heap growth. Please use -XX:HeapBaseMinAddress
#     to set the Java Heap base and to place the Java Heap above 4GB virtual address.
# This output file may be truncated or incomplete.
#
#  Out of Memory Error (t:/workspace/open/src/hotspot/share/memory/arena.cpp:196), pid=356, tid=5144
#
# JRE version: Java(TM) SE Runtime Environment (13.0.2+8) (build 13.0.2+8)
# Java VM: Java HotSpot(TM) 64-Bit Server VM (13.0.2+8, mixed mode, sharing, tiered, compressed oops, g1 gc, windows-amd64)
# No core dump will be written. Minidumps are not enabled by default on client versions of Windows
#

---------------  S U M M A R Y ------------

Command Line: --add-opens=java.base/java.util=ALL-UNNAMED --add-opens=java.base/java.lang=ALL-UNNAMED --add-opens=java.base/java.lang.invoke=ALL-UNNAMED --add-opens=java.prefs/java.util.prefs=ALL-UNNAMED -XX:MaxMetaspaceSize=256m -XX:+HeapDumpOnOutOfMemoryError -Xms256m -Xmx512m -Dfile.encoding=windows-1251 -Duser.country=US -Duser.language=en -Duser.variant org.gradle.launcher.daemon.bootstrap.GradleDaemon 6.3

Host: Intel(R) Celeron(R) CPU  N3150  @ 1.60GHz, 4 cores, 3G,  Windows 10 , 64 bit Build 18362 (10.0.18362.1082)
Time: Sun Oct  4 15:06:59 2020 Russia TZ 2 Standard Time elapsed time: 357 seconds (0d 0h 5m 57s)

---------------  T H R E A D  ---------------

Current thread (0x0000022925dfd800):  JavaThread "C2 CompilerThread0" daemon [_thread_in_native, id=5144, stack(0x000000e295c00000,0x000000e295d00000)]


Current CompileTask:
C2: 357334 9552       4       groovy.lang.MetaClassImpl::inheritInterfaceNewMetaMethods (199 bytes)

Stack: [0x000000e295c00000,0x000000e295d00000]
Native frames: (J=compiled Java code, j=interpreted, Vv=VM code, C=native code)
V  [jvm.dll+0x624f9a]
V  [jvm.dll+0x770cfa]
V  [jvm.dll+0x7724af]
V  [jvm.dll+0x772ab3]
V  [jvm.dll+0x24bf08]
V  [jvm.dll+0xc1e47]
V  [jvm.dll+0xc23cc]
V  [jvm.dll+0x35c068]
V  [jvm.dll+0x327803]
V  [jvm.dll+0x326bda]
V  [jvm.dll+0x205c27]
V  [jvm.dll+0x204e3f]
V  [jvm.dll+0x189c2c]
V  [jvm.dll+0x213e6d]
V  [jvm.dll+0x2120bb]
V  [jvm.dll+0x736bb6]
V  [jvm.dll+0x72fcaa]
V  [jvm.dll+0x623ea6]
C  [ucrtbase.dll+0x20e82]
C  [KERNEL32.DLL+0x17bd4]
C  [ntdll.dll+0x6ce51]


---------------  P R O C E S S  ---------------

Threads class SMR info:
_java_thread_list=0x000002292acdd8d0, length=37, elements={
0x0000022909070000, 0x0000022925dd8000, 0x0000022925ddd000, 0x0000022925dfa800,
0x0000022925dfb800, 0x0000022925dfd800, 0x0000022925e04800, 0x0000022925e13000,
0x0000022926856000, 0x0000022926863800, 0x0000022927da5800, 0x0000022927d04000,
0x0000022926b24800, 0x000002292808d800, 0x000002292808f000, 0x000002292808a800,
0x000002292808e800, 0x0000022929479000, 0x000002292947a000, 0x000002292947f800,
0x0000022929478800, 0x000002292947a800, 0x0000022929476800, 0x000002292947c800,
0x000002292947b800, 0x000002292947d000, 0x0000022929477800, 0x0000022929481800,
0x0000022929480800, 0x0000022929482000, 0x0000022929483800, 0x000002292947f000,
0x000002292808c800, 0x0000022928090000, 0x0000022928091000, 0x000002292808b000,
0x0000022929483000
}

Java Threads: ( => current thread )
  0x0000022909070000 JavaThread "main" [_thread_blocked, id=7032, stack(0x000000e295100000,0x000000e295200000)]
  0x0000022925dd8000 JavaThread "Reference Handler" daemon [_thread_blocked, id=2220, stack(0x000000e295800000,0x000000e295900000)]
  0x0000022925ddd000 JavaThread "Finalizer" daemon [_thread_blocked, id=4800, stack(0x000000e295900000,0x000000e295a00000)]
  0x0000022925dfa800 JavaThread "Signal Dispatcher" daemon [_thread_blocked, id=8212, stack(0x000000e295a00000,0x000000e295b00000)]
  0x0000022925dfb800 JavaThread "Attach Listener" daemon [_thread_blocked, id=5004, stack(0x000000e295b00000,0x000000e295c00000)]
=>0x0000022925dfd800 JavaThread "C2 CompilerThread0" daemon [_thread_in_native, id=5144, stack(0x000000e295c00000,0x000000e295d00000)]
  0x0000022925e04800 JavaThread "C1 CompilerThread0" daemon [_thread_in_vm, id=3912, stack(0x000000e295d00000,0x000000e295e00000)]
  0x0000022925e13000 JavaThread "Sweeper thread" daemon [_thread_blocked, id=10388, stack(0x000000e295e00000,0x000000e295f00000)]
  0x0000022926856000 JavaThread "Common-Cleaner" daemon [_thread_blocked, id=10948, stack(0x000000e295f00000,0x000000e296000000)]
  0x0000022926863800 JavaThread "Service Thread" daemon [_thread_blocked, id=4288, stack(0x000000e296000000,0x000000e296100000)]
  0x0000022927da5800 JavaThread "Daemon health stats" [_thread_blocked, id=4612, stack(0x000000e296500000,0x000000e296600000)]
  0x0000022927d04000 JavaThread "Incoming local TCP Connector on port 51477" [_thread_in_native, id=928, stack(0x000000e296600000,0x000000e296700000)]
  0x0000022926b24800 JavaThread "Daemon periodic checks" [_thread_blocked, id=11084, stack(0x000000e296700000,0x000000e296800000)]
  0x000002292808d800 JavaThread "Cache worker for journal cache (C:\Users\true_cookie\.gradle\caches\journal-1)" [_thread_blocked, id=7220, stack(0x000000e296f00000,0x000000e297000000)]
  0x000002292808f000 JavaThread "File lock request listener" [_thread_in_native, id=10816, stack(0x000000e297000000,0x000000e297100000)]
  0x000002292808a800 JavaThread "Cache worker for file hash cache (C:\Users\true_cookie\.gradle\caches\6.3\fileHashes)" [_thread_blocked, id=5612, stack(0x000000e297100000,0x000000e297200000)]
  0x000002292808e800 JavaThread "Cache worker for execution history cache (C:\Users\true_cookie\.gradle\caches\6.3\executionHistory)" [_thread_blocked, id=8828, stack(0x000000e297600000,0x000000e297700000)]
  0x0000022929479000 JavaThread "Memory manager" [_thread_blocked, id=3784, stack(0x000000e297800000,0x000000e297900000)]
  0x000002292947a000 JavaThread "Cache worker for file content cache (C:\Users\true_cookie\.gradle\caches\6.3\fileContent)" [_thread_blocked, id=1708, stack(0x000000e297900000,0x000000e297a00000)]
  0x000002292947f800 JavaThread "Cache worker for Java compile cache (C:\Users\true_cookie\.gradle\caches\6.3\javaCompile)" [_thread_blocked, id=5988, stack(0x000000e298100000,0x000000e298200000)]
  0x0000022929478800 JavaThread "Daemon Thread 2" [_thread_blocked, id=8400, stack(0x000000e294e00000,0x000000e294f00000)]
  0x000002292947a800 JavaThread "Handler for socket connection from /127.0.0.1:51477 to /127.0.0.1:51593" [_thread_in_native, id=8576, stack(0x000000e294f00000,0x000000e295000000)]
  0x0000022929476800 JavaThread "Cancel handler" [_thread_blocked, id=8980, stack(0x000000e295000000,0x000000e295100000)]
  0x000002292947c800 JavaThread "Daemon worker Thread 2" [_thread_in_Java, id=228, stack(0x000000e296800000,0x000000e296900000)]
  0x000002292947b800 JavaThread "Asynchronous log dispatcher for DefaultDaemonConnection: socket connection from /127.0.0.1:51477 to /127.0.0.1:51593" [_thread_blocked, id=1996, stack(0x000000e296900000,0x000000e296a00000)]
  0x000002292947d000 JavaThread "Stdin handler" [_thread_blocked, id=9796, stack(0x000000e296a00000,0x000000e296b00000)]
  0x0000022929477800 JavaThread "Thread-74" [_thread_blocked, id=8320, stack(0x000000e296b00000,0x000000e296c00000)]
  0x0000022929481800 JavaThread "Cache worker for checksums cache (C:\Users\true_cookie\IdeaProjects\sorting\.gradle\checksums)" [_thread_blocked, id=1716, stack(0x000000e296c00000,0x000000e296d00000)]
  0x0000022929480800 JavaThread "Cache worker for file hash cache (C:\Users\true_cookie\IdeaProjects\sorting\.gradle\6.3\fileHashes)" [_thread_blocked, id=8680, stack(0x000000e296d00000,0x000000e296e00000)]
  0x0000022929482000 JavaThread "Cache worker for cache directory md-supplier (C:\Users\true_cookie\.gradle\caches\6.3\md-supplier)" [_thread_blocked, id=10696, stack(0x000000e296e00000,0x000000e296f00000)]
  0x0000022929483800 JavaThread "Cache worker for cache directory md-rule (C:\Users\true_cookie\.gradle\caches\6.3\md-rule)" [_thread_blocked, id=10916, stack(0x000000e297200000,0x000000e297300000)]
  0x000002292947f000 JavaThread "Cache worker for Build Output Cleanup Cache (C:\Users\true_cookie\IdeaProjects\sorting\.gradle\buildOutputCleanup)" [_thread_blocked, id=8700, stack(0x000000e297300000,0x000000e297400000)]
  0x000002292808c800 JavaThread "Cache worker for execution history cache (C:\Users\true_cookie\IdeaProjects\sorting\.gradle\6.3\executionHistory)" [_thread_blocked, id=8808, stack(0x000000e297a00000,0x000000e297b00000)]
  0x0000022928090000 JavaThread "Build operations" [_thread_blocked, id=11244, stack(0x000000e297c00000,0x000000e297d00000)]
  0x0000022928091000 JavaThread "Build operations Thread 2" [_thread_blocked, id=9044, stack(0x000000e297d00000,0x000000e297e00000)]
  0x000002292808b000 JavaThread "Build operations Thread 3" [_thread_blocked, id=5464, stack(0x000000e297e00000,0x000000e297f00000)]
  0x0000022929483000 JavaThread "Build operations Thread 4" [_thread_blocked, id=5252, stack(0x000000e297f00000,0x000000e298000000)]

Other Threads:
  0x0000022925dd5800 VMThread "VM Thread" [stack: 0x000000e295700000,0x000000e295800000] [id=1980]
  0x0000022926872800 WatcherThread [stack: 0x000000e296100000,0x000000e296200000] [id=3620]
  0x0000022909098000 GCTaskThread "GC Thread#0" [stack: 0x000000e295200000,0x000000e295300000] [id=8236]
  0x00000229269fd800 GCTaskThread "GC Thread#1" [stack: 0x000000e296200000,0x000000e296300000] [id=6176]
  0x00000229269fe000 GCTaskThread "GC Thread#2" [stack: 0x000000e296300000,0x000000e296400000] [id=3096]
  0x0000022926d62800 GCTaskThread "GC Thread#3" [stack: 0x000000e296400000,0x000000e296500000] [id=1800]
  0x000002290909d800 ConcurrentGCThread "G1 Main Marker" [stack: 0x000000e295300000,0x000000e295400000] [id=5960]
  0x000002290909f800 ConcurrentGCThread "G1 Conc#0" [stack: 0x000000e295400000,0x000000e295500000] [id=1324]
  0x000002290913e000 ConcurrentGCThread "G1 Refine#0" [stack: 0x000000e295500000,0x000000e295600000] [id=5140]
  0x0000022925c8c800 ConcurrentGCThread "G1 Young RemSet Sampling" [stack: 0x000000e295600000,0x000000e295700000] [id=10888]

Threads with active compile tasks:
C2 CompilerThread0   357472 9552       4       groovy.lang.MetaClassImpl::inheritInterfaceNewMetaMethods (199 bytes)

VM state:not at safepoint (normal execution)

VM Mutex/Monitor currently owned by a thread: None

Heap address: 0x00000000e0000000, size: 512 MB, Compressed Oops mode: 32-bit
Narrow klass base: 0x0000000800000000, Narrow klass shift: 3
Compressed class space size: 260046848 Address: 0x0000000800b40000

Heap:
 garbage-first heap   total 262144K, used 174180K [0x00000000e0000000, 0x0000000100000000)
  region size 1024K, 124 young (126976K), 4 survivors (4096K)
 Metaspace       used 71309K, capacity 73722K, committed 74020K, reserved 319488K
  class space    used 9278K, capacity 10081K, committed 10188K, reserved 253952K
Heap Regions: E=young(eden), S=young(survivor), O=old, HS=humongous(starts), HC=humongous(continues), CS=collection set, F=free, A=archive, TAMS=top-at-mark-start (previous, next)
|   0|0x00000000e0000000, 0x00000000e0100000, 0x00000000e0100000|100%| O|  |TAMS 0x00000000e0100000, 0x00000000e0000000| Untracked 
|   1|0x00000000e0100000, 0x00000000e0200000, 0x00000000e0200000|100%| O|  |TAMS 0x00000000e0200000, 0x00000000e0100000| Untracked 
|   2|0x00000000e0200000, 0x00000000e0300000, 0x00000000e0300000|100%| O|  |TAMS 0x00000000e0300000, 0x00000000e0200000| Untracked 
|   3|0x00000000e0300000, 0x00000000e0400000, 0x00000000e0400000|100%|HS|  |TAMS 0x00000000e0400000, 0x00000000e0300000| Complete 
|   4|0x00000000e0400000, 0x00000000e0500000, 0x00000000e0500000|100%|HC|  |TAMS 0x00000000e0500000, 0x00000000e0400000| Complete 
|   5|0x00000000e0500000, 0x00000000e0600000, 0x00000000e0600000|100%|HC|  |TAMS 0x00000000e0600000, 0x00000000e0500000| Complete 
|   6|0x00000000e0600000, 0x00000000e0700000, 0x00000000e0700000|100%| O|  |TAMS 0x00000000e0700000, 0x00000000e0600000| Untracked 
|   7|0x00000000e0700000, 0x00000000e0800000, 0x00000000e0800000|100%| O|  |TAMS 0x00000000e0800000, 0x00000000e0700000| Untracked 
|   8|0x00000000e0800000, 0x00000000e0900000, 0x00000000e0900000|100%| O|  |TAMS 0x00000000e0900000, 0x00000000e0800000| Untracked 
|   9|0x00000000e0900000, 0x00000000e0a00000, 0x00000000e0a00000|100%| O|  |TAMS 0x00000000e0a00000, 0x00000000e0900000| Untracked 
|  10|0x00000000e0a00000, 0x00000000e0b00000, 0x00000000e0b00000|100%| O|  |TAMS 0x00000000e0b00000, 0x00000000e0a00000| Untracked 
|  11|0x00000000e0b00000, 0x00000000e0c00000, 0x00000000e0c00000|100%| O|  |TAMS 0x00000000e0c00000, 0x00000000e0b00000| Untracked 
|  12|0x00000000e0c00000, 0x00000000e0d00000, 0x00000000e0d00000|100%| O|  |TAMS 0x00000000e0d00000, 0x00000000e0c00000| Untracked 
|  13|0x00000000e0d00000, 0x00000000e0e00000, 0x00000000e0e00000|100%| O|  |TAMS 0x00000000e0e00000, 0x00000000e0d00000| Untracked 
|  14|0x00000000e0e00000, 0x00000000e0f00000, 0x00000000e0f00000|100%| O|  |TAMS 0x00000000e0f00000, 0x00000000e0e00000| Untracked 
|  15|0x00000000e0f00000, 0x00000000e1000000, 0x00000000e1000000|100%| O|  |TAMS 0x00000000e1000000, 0x00000000e0f00000| Untracked 
|  16|0x00000000e1000000, 0x00000000e1100000, 0x00000000e1100000|100%| O|  |TAMS 0x00000000e1100000, 0x00000000e1000000| Untracked 
|  17|0x00000000e1100000, 0x00000000e1200000, 0x00000000e1200000|100%| O|  |TAMS 0x00000000e1200000, 0x00000000e1100000| Untracked 
|  18|0x00000000e1200000, 0x00000000e1300000, 0x00000000e1300000|100%| O|  |TAMS 0x00000000e1300000, 0x00000000e1200000| Untracked 
|  19|0x00000000e1300000, 0x00000000e1400000, 0x00000000e1400000|100%| O|  |TAMS 0x00000000e1400000, 0x00000000e1300000| Untracked 
|  20|0x00000000e1400000, 0x00000000e1500000, 0x00000000e1500000|100%| O|  |TAMS 0x00000000e1500000, 0x00000000e1400000| Untracked 
|  21|0x00000000e1500000, 0x00000000e1600000, 0x00000000e1600000|100%| O|  |TAMS 0x00000000e1600000, 0x00000000e1500000| Untracked 
|  22|0x00000000e1600000, 0x00000000e1700000, 0x00000000e1700000|100%| O|  |TAMS 0x00000000e1700000, 0x00000000e1600000| Untracked 
|  23|0x00000000e1700000, 0x00000000e1800000, 0x00000000e1800000|100%| O|  |TAMS 0x00000000e1800000, 0x00000000e1700000| Untracked 
|  24|0x00000000e1800000, 0x00000000e1900000, 0x00000000e1900000|100%| O|  |TAMS 0x00000000e1900000, 0x00000000e1800000| Untracked 
|  25|0x00000000e1900000, 0x00000000e1a00000, 0x00000000e1a00000|100%| O|  |TAMS 0x00000000e1a00000, 0x00000000e1900000| Untracked 
|  26|0x00000000e1a00000, 0x00000000e1b00000, 0x00000000e1b00000|100%| O|  |TAMS 0x00000000e1b00000, 0x00000000e1a00000| Untracked 
|  27|0x00000000e1b00000, 0x00000000e1c00000, 0x00000000e1c00000|100%| O|  |TAMS 0x00000000e1c00000, 0x00000000e1b00000| Untracked 
|  28|0x00000000e1c00000, 0x00000000e1d00000, 0x00000000e1d00000|100%| O|  |TAMS 0x00000000e1d00000, 0x00000000e1c00000| Untracked 
|  29|0x00000000e1d00000, 0x00000000e1e00000, 0x00000000e1e00000|100%| O|  |TAMS 0x00000000e1d2cc00, 0x00000000e1d00000| Untracked 
|  30|0x00000000e1e00000, 0x00000000e1f00000, 0x00000000e1f00000|100%| O|  |TAMS 0x00000000e1e00000, 0x00000000e1e00000| Untracked 
|  31|0x00000000e1f00000, 0x00000000e2000000, 0x00000000e2000000|100%| O|  |TAMS 0x00000000e1f00000, 0x00000000e1f00000| Untracked 
|  32|0x00000000e2000000, 0x00000000e2100000, 0x00000000e2100000|100%| O|  |TAMS 0x00000000e2000000, 0x00000000e2000000| Untracked 
|  33|0x00000000e2100000, 0x00000000e2200000, 0x00000000e2200000|100%| O|  |TAMS 0x00000000e2100000, 0x00000000e2100000| Untracked 
|  34|0x00000000e2200000, 0x00000000e2300000, 0x00000000e2300000|100%| O|  |TAMS 0x00000000e2200000, 0x00000000e2200000| Untracked 
|  35|0x00000000e2300000, 0x00000000e233b600, 0x00000000e2400000| 23%| O|  |TAMS 0x00000000e2300000, 0x00000000e2300000| Untracked 
|  36|0x00000000e2400000, 0x00000000e2500000, 0x00000000e2500000|100%|HS|  |TAMS 0x00000000e2400000, 0x00000000e2400000| Complete 
|  37|0x00000000e2500000, 0x00000000e2600000, 0x00000000e2600000|100%|HC|  |TAMS 0x00000000e2500000, 0x00000000e2500000| Complete 
|  38|0x00000000e2600000, 0x00000000e2700000, 0x00000000e2700000|100%|HS|  |TAMS 0x00000000e2600000, 0x00000000e2600000| Complete 
|  39|0x00000000e2700000, 0x00000000e2800000, 0x00000000e2800000|100%|HC|  |TAMS 0x00000000e2700000, 0x00000000e2700000| Complete 
|  40|0x00000000e2800000, 0x00000000e2900000, 0x00000000e2900000|100%|HC|  |TAMS 0x00000000e2800000, 0x00000000e2800000| Complete 
|  41|0x00000000e2900000, 0x00000000e2a00000, 0x00000000e2a00000|100%|HS|  |TAMS 0x00000000e2900000, 0x00000000e2900000| Complete 
|  42|0x00000000e2a00000, 0x00000000e2b00000, 0x00000000e2b00000|100%|HC|  |TAMS 0x00000000e2a00000, 0x00000000e2a00000| Complete 
|  43|0x00000000e2b00000, 0x00000000e2c00000, 0x00000000e2c00000|100%|HC|  |TAMS 0x00000000e2b00000, 0x00000000e2b00000| Complete 
|  44|0x00000000e2c00000, 0x00000000e2d00000, 0x00000000e2d00000|100%|HC|  |TAMS 0x00000000e2c00000, 0x00000000e2c00000| Complete 
|  45|0x00000000e2d00000, 0x00000000e2e00000, 0x00000000e2e00000|100%|HS|  |TAMS 0x00000000e2d00000, 0x00000000e2d00000| Complete 
|  46|0x00000000e2e00000, 0x00000000e2f00000, 0x00000000e2f00000|100%|HC|  |TAMS 0x00000000e2e00000, 0x00000000e2e00000| Complete 
|  47|0x00000000e2f00000, 0x00000000e3000000, 0x00000000e3000000|100%|HC|  |TAMS 0x00000000e2f00000, 0x00000000e2f00000| Complete 
|  48|0x00000000e3000000, 0x00000000e3100000, 0x00000000e3100000|100%|HC|  |TAMS 0x00000000e3000000, 0x00000000e3000000| Complete 
|  49|0x00000000e3100000, 0x00000000e3100000, 0x00000000e3200000|  0%| F|  |TAMS 0x00000000e3100000, 0x00000000e3100000| Untracked 
|  50|0x00000000e3200000, 0x00000000e3200000, 0x00000000e3300000|  0%| F|  |TAMS 0x00000000e3200000, 0x00000000e3200000| Untracked 
|  51|0x00000000e3300000, 0x00000000e3300000, 0x00000000e3400000|  0%| F|  |TAMS 0x00000000e3300000, 0x00000000e3300000| Untracked 
|  52|0x00000000e3400000, 0x00000000e3400000, 0x00000000e3500000|  0%| F|  |TAMS 0x00000000e3400000, 0x00000000e3400000| Untracked 
|  53|0x00000000e3500000, 0x00000000e3500000, 0x00000000e3600000|  0%| F|  |TAMS 0x00000000e3500000, 0x00000000e3500000| Untracked 
|  54|0x00000000e3600000, 0x00000000e3600000, 0x00000000e3700000|  0%| F|  |TAMS 0x00000000e3600000, 0x00000000e3600000| Untracked 
|  55|0x00000000e3700000, 0x00000000e3700000, 0x00000000e3800000|  0%| F|  |TAMS 0x00000000e3700000, 0x00000000e3700000| Untracked 
|  56|0x00000000e3800000, 0x00000000e3800000, 0x00000000e3900000|  0%| F|  |TAMS 0x00000000e3800000, 0x00000000e3800000| Untracked 
|  57|0x00000000e3900000, 0x00000000e3900000, 0x00000000e3a00000|  0%| F|  |TAMS 0x00000000e3900000, 0x00000000e3900000| Untracked 
|  58|0x00000000e3a00000, 0x00000000e3a00000, 0x00000000e3b00000|  0%| F|  |TAMS 0x00000000e3a00000, 0x00000000e3a00000| Untracked 
|  59|0x00000000e3b00000, 0x00000000e3b00000, 0x00000000e3c00000|  0%| F|  |TAMS 0x00000000e3b00000, 0x00000000e3b00000| Untracked 
|  60|0x00000000e3c00000, 0x00000000e3c00000, 0x00000000e3d00000|  0%| F|  |TAMS 0x00000000e3c00000, 0x00000000e3c00000| Untracked 
|  61|0x00000000e3d00000, 0x00000000e3d00000, 0x00000000e3e00000|  0%| F|  |TAMS 0x00000000e3d00000, 0x00000000e3d00000| Untracked 
|  62|0x00000000e3e00000, 0x00000000e3e00000, 0x00000000e3f00000|  0%| F|  |TAMS 0x00000000e3e00000, 0x00000000e3e00000| Untracked 
|  63|0x00000000e3f00000, 0x00000000e3f00000, 0x00000000e4000000|  0%| F|  |TAMS 0x00000000e3f00000, 0x00000000e3f00000| Untracked 
|  64|0x00000000e4000000, 0x00000000e4000000, 0x00000000e4100000|  0%| F|  |TAMS 0x00000000e4000000, 0x00000000e4000000| Untracked 
|  65|0x00000000e4100000, 0x00000000e4100000, 0x00000000e4200000|  0%| F|  |TAMS 0x00000000e4100000, 0x00000000e4100000| Untracked 
|  66|0x00000000e4200000, 0x00000000e4200000, 0x00000000e4300000|  0%| F|  |TAMS 0x00000000e4200000, 0x00000000e4200000| Untracked 
|  67|0x00000000e4300000, 0x00000000e4300000, 0x00000000e4400000|  0%| F|  |TAMS 0x00000000e4300000, 0x00000000e4300000| Untracked 
|  68|0x00000000e4400000, 0x00000000e4400000, 0x00000000e4500000|  0%| F|  |TAMS 0x00000000e4400000, 0x00000000e4400000| Untracked 
|  69|0x00000000e4500000, 0x00000000e4500000, 0x00000000e4600000|  0%| F|  |TAMS 0x00000000e4500000, 0x00000000e4500000| Untracked 
|  70|0x00000000e4600000, 0x00000000e4600000, 0x00000000e4700000|  0%| F|  |TAMS 0x00000000e4600000, 0x00000000e4600000| Untracked 
|  71|0x00000000e4700000, 0x00000000e4700000, 0x00000000e4800000|  0%| F|  |TAMS 0x00000000e4700000, 0x00000000e4700000| Untracked 
|  72|0x00000000e4800000, 0x00000000e4800000, 0x00000000e4900000|  0%| F|  |TAMS 0x00000000e4800000, 0x00000000e4800000| Untracked 
|  73|0x00000000e4900000, 0x00000000e4900000, 0x00000000e4a00000|  0%| F|  |TAMS 0x00000000e4900000, 0x00000000e4900000| Untracked 
|  74|0x00000000e4a00000, 0x00000000e4a00000, 0x00000000e4b00000|  0%| F|  |TAMS 0x00000000e4a00000, 0x00000000e4a00000| Untracked 
|  75|0x00000000e4b00000, 0x00000000e4b00000, 0x00000000e4c00000|  0%| F|  |TAMS 0x00000000e4b00000, 0x00000000e4b00000| Untracked 
|  76|0x00000000e4c00000, 0x00000000e4c00000, 0x00000000e4d00000|  0%| F|  |TAMS 0x00000000e4c00000, 0x00000000e4c00000| Untracked 
|  77|0x00000000e4d00000, 0x00000000e4d00000, 0x00000000e4e00000|  0%| F|  |TAMS 0x00000000e4d00000, 0x00000000e4d00000| Untracked 
|  78|0x00000000e4e00000, 0x00000000e4e00000, 0x00000000e4f00000|  0%| F|  |TAMS 0x00000000e4e00000, 0x00000000e4e00000| Untracked 
|  79|0x00000000e4f00000, 0x00000000e4f00000, 0x00000000e5000000|  0%| F|  |TAMS 0x00000000e4f00000, 0x00000000e4f00000| Untracked 
|  80|0x00000000e5000000, 0x00000000e5000000, 0x00000000e5100000|  0%| F|  |TAMS 0x00000000e5000000, 0x00000000e5000000| Untracked 
|  81|0x00000000e5100000, 0x00000000e5100000, 0x00000000e5200000|  0%| F|  |TAMS 0x00000000e5100000, 0x00000000e5100000| Untracked 
|  82|0x00000000e5200000, 0x00000000e5200000, 0x00000000e5300000|  0%| F|  |TAMS 0x00000000e5200000, 0x00000000e5200000| Untracked 
|  83|0x00000000e5300000, 0x00000000e5300000, 0x00000000e5400000|  0%| F|  |TAMS 0x00000000e5300000, 0x00000000e5300000| Untracked 
|  84|0x00000000e5400000, 0x00000000e5400000, 0x00000000e5500000|  0%| F|  |TAMS 0x00000000e5400000, 0x00000000e5400000| Untracked 
|  85|0x00000000e5500000, 0x00000000e5500000, 0x00000000e5600000|  0%| F|  |TAMS 0x00000000e5500000, 0x00000000e5500000| Untracked 
|  86|0x00000000e5600000, 0x00000000e5600000, 0x00000000e5700000|  0%| F|  |TAMS 0x00000000e5600000, 0x00000000e5600000| Untracked 
|  87|0x00000000e5700000, 0x00000000e5700000, 0x00000000e5800000|  0%| F|  |TAMS 0x00000000e5700000, 0x00000000e5700000| Untracked 
|  88|0x00000000e5800000, 0x00000000e5800000, 0x00000000e5900000|  0%| F|  |TAMS 0x00000000e5800000, 0x00000000e5800000| Untracked 
|  89|0x00000000e5900000, 0x00000000e5900000, 0x00000000e5a00000|  0%| F|  |TAMS 0x00000000e5900000, 0x00000000e5900000| Untracked 
|  90|0x00000000e5a00000, 0x00000000e5a00000, 0x00000000e5b00000|  0%| F|  |TAMS 0x00000000e5a00000, 0x00000000e5a00000| Untracked 
|  91|0x00000000e5b00000, 0x00000000e5b00000, 0x00000000e5c00000|  0%| F|  |TAMS 0x00000000e5b00000, 0x00000000e5b00000| Untracked 
|  92|0x00000000e5c00000, 0x00000000e5c00000, 0x00000000e5d00000|  0%| F|  |TAMS 0x00000000e5c00000, 0x00000000e5c00000| Untracked 
|  93|0x00000000e5d00000, 0x00000000e5d00000, 0x00000000e5e00000|  0%| F|  |TAMS 0x00000000e5d00000, 0x00000000e5d00000| Untracked 
|  94|0x00000000e5e00000, 0x00000000e5e00000, 0x00000000e5f00000|  0%| F|  |TAMS 0x00000000e5e00000, 0x00000000e5e00000| Untracked 
|  95|0x00000000e5f00000, 0x00000000e5f00000, 0x00000000e6000000|  0%| F|  |TAMS 0x00000000e5f00000, 0x00000000e5f00000| Untracked 
|  96|0x00000000e6000000, 0x00000000e6000000, 0x00000000e6100000|  0%| F|  |TAMS 0x00000000e6000000, 0x00000000e6000000| Untracked 
|  97|0x00000000e6100000, 0x00000000e6100000, 0x00000000e6200000|  0%| F|  |TAMS 0x00000000e6100000, 0x00000000e6100000| Untracked 
|  98|0x00000000e6200000, 0x00000000e6200000, 0x00000000e6300000|  0%| F|  |TAMS 0x00000000e6200000, 0x00000000e6200000| Untracked 
|  99|0x00000000e6300000, 0x00000000e6300000, 0x00000000e6400000|  0%| F|  |TAMS 0x00000000e6300000, 0x00000000e6300000| Untracked 
| 100|0x00000000e6400000, 0x00000000e6400000, 0x00000000e6500000|  0%| F|  |TAMS 0x00000000e6400000, 0x00000000e6400000| Untracked 
| 101|0x00000000e6500000, 0x00000000e6500000, 0x00000000e6600000|  0%| F|  |TAMS 0x00000000e6500000, 0x00000000e6500000| Untracked 
| 102|0x00000000e6600000, 0x00000000e6600000, 0x00000000e6700000|  0%| F|  |TAMS 0x00000000e6600000, 0x00000000e6600000| Untracked 
| 103|0x00000000e6700000, 0x00000000e6700000, 0x00000000e6800000|  0%| F|  |TAMS 0x00000000e6700000, 0x00000000e6700000| Untracked 
| 104|0x00000000e6800000, 0x00000000e6800000, 0x00000000e6900000|  0%| F|  |TAMS 0x00000000e6800000, 0x00000000e6800000| Untracked 
| 105|0x00000000e6900000, 0x00000000e6900000, 0x00000000e6a00000|  0%| F|  |TAMS 0x00000000e6900000, 0x00000000e6900000| Untracked 
| 106|0x00000000e6a00000, 0x00000000e6a00000, 0x00000000e6b00000|  0%| F|  |TAMS 0x00000000e6a00000, 0x00000000e6a00000| Untracked 
| 107|0x00000000e6b00000, 0x00000000e6b00000, 0x00000000e6c00000|  0%| F|  |TAMS 0x00000000e6b00000, 0x00000000e6b00000| Untracked 
| 108|0x00000000e6c00000, 0x00000000e6c00000, 0x00000000e6d00000|  0%| F|  |TAMS 0x00000000e6c00000, 0x00000000e6c00000| Untracked 
| 109|0x00000000e6d00000, 0x00000000e6d00000, 0x00000000e6e00000|  0%| F|  |TAMS 0x00000000e6d00000, 0x00000000e6d00000| Untracked 
| 110|0x00000000e6e00000, 0x00000000e6e00000, 0x00000000e6f00000|  0%| F|  |TAMS 0x00000000e6e00000, 0x00000000e6e00000| Untracked 
| 111|0x00000000e6f00000, 0x00000000e6f00000, 0x00000000e7000000|  0%| F|  |TAMS 0x00000000e6f00000, 0x00000000e6f00000| Untracked 
| 112|0x00000000e7000000, 0x00000000e7000000, 0x00000000e7100000|  0%| F|  |TAMS 0x00000000e7000000, 0x00000000e7000000| Untracked 
| 113|0x00000000e7100000, 0x00000000e7100000, 0x00000000e7200000|  0%| F|  |TAMS 0x00000000e7100000, 0x00000000e7100000| Untracked 
| 114|0x00000000e7200000, 0x00000000e7200000, 0x00000000e7300000|  0%| F|  |TAMS 0x00000000e7200000, 0x00000000e7200000| Untracked 
| 115|0x00000000e7300000, 0x00000000e7300000, 0x00000000e7400000|  0%| F|  |TAMS 0x00000000e7300000, 0x00000000e7300000| Untracked 
| 116|0x00000000e7400000, 0x00000000e7400000, 0x00000000e7500000|  0%| F|  |TAMS 0x00000000e7400000, 0x00000000e7400000| Untracked 
| 117|0x00000000e7500000, 0x00000000e7500000, 0x00000000e7600000|  0%| F|  |TAMS 0x00000000e7500000, 0x00000000e7500000| Untracked 
| 118|0x00000000e7600000, 0x00000000e7600000, 0x00000000e7700000|  0%| F|  |TAMS 0x00000000e7600000, 0x00000000e7600000| Untracked 
| 119|0x00000000e7700000, 0x00000000e7700000, 0x00000000e7800000|  0%| F|  |TAMS 0x00000000e7700000, 0x00000000e7700000| Untracked 
| 120|0x00000000e7800000, 0x00000000e7800000, 0x00000000e7900000|  0%| F|  |TAMS 0x00000000e7800000, 0x00000000e7800000| Untracked 
| 121|0x00000000e7900000, 0x00000000e7900000, 0x00000000e7a00000|  0%| F|  |TAMS 0x00000000e7900000, 0x00000000e7900000| Untracked 
| 122|0x00000000e7a00000, 0x00000000e7a00000, 0x00000000e7b00000|  0%| F|  |TAMS 0x00000000e7a00000, 0x00000000e7a00000| Untracked 
| 123|0x00000000e7b00000, 0x00000000e7b00000, 0x00000000e7c00000|  0%| F|  |TAMS 0x00000000e7b00000, 0x00000000e7b00000| Untracked 
| 124|0x00000000e7c00000, 0x00000000e7c00000, 0x00000000e7d00000|  0%| F|  |TAMS 0x00000000e7c00000, 0x00000000e7c00000| Untracked 
| 125|0x00000000e7d00000, 0x00000000e7d00000, 0x00000000e7e00000|  0%| F|  |TAMS 0x00000000e7d00000, 0x00000000e7d00000| Untracked 
| 126|0x00000000e7e00000, 0x00000000e7e00000, 0x00000000e7f00000|  0%| F|  |TAMS 0x00000000e7e00000, 0x00000000e7e00000| Untracked 
| 127|0x00000000e7f00000, 0x00000000e7f00000, 0x00000000e8000000|  0%| F|  |TAMS 0x00000000e7f00000, 0x00000000e7f00000| Untracked 
| 128|0x00000000e8000000, 0x00000000e8000000, 0x00000000e8100000|  0%| F|  |TAMS 0x00000000e8000000, 0x00000000e8000000| Untracked 
| 129|0x00000000e8100000, 0x00000000e8100000, 0x00000000e8200000|  0%| F|  |TAMS 0x00000000e8100000, 0x00000000e8100000| Untracked 
| 130|0x00000000e8200000, 0x00000000e8200000, 0x00000000e8300000|  0%| F|  |TAMS 0x00000000e8200000, 0x00000000e8200000| Untracked 
| 131|0x00000000e8300000, 0x00000000e8300000, 0x00000000e8400000|  0%| F|  |TAMS 0x00000000e8300000, 0x00000000e8300000| Untracked 
| 132|0x00000000e8400000, 0x00000000e845f710, 0x00000000e8500000| 37%| E|  |TAMS 0x00000000e8400000, 0x00000000e8400000| Complete 
| 133|0x00000000e8500000, 0x00000000e8600000, 0x00000000e8600000|100%| E|CS|TAMS 0x00000000e8500000, 0x00000000e8500000| Complete 
| 134|0x00000000e8600000, 0x00000000e8700000, 0x00000000e8700000|100%| E|CS|TAMS 0x00000000e8600000, 0x00000000e8600000| Complete 
| 135|0x00000000e8700000, 0x00000000e8800000, 0x00000000e8800000|100%| E|CS|TAMS 0x00000000e8700000, 0x00000000e8700000| Complete 
| 136|0x00000000e8800000, 0x00000000e8900000, 0x00000000e8900000|100%| E|CS|TAMS 0x00000000e8800000, 0x00000000e8800000| Complete 
| 137|0x00000000e8900000, 0x00000000e8a00000, 0x00000000e8a00000|100%| E|CS|TAMS 0x00000000e8900000, 0x00000000e8900000| Complete 
| 138|0x00000000e8a00000, 0x00000000e8b00000, 0x00000000e8b00000|100%| E|CS|TAMS 0x00000000e8a00000, 0x00000000e8a00000| Complete 
| 139|0x00000000e8b00000, 0x00000000e8c00000, 0x00000000e8c00000|100%| E|CS|TAMS 0x00000000e8b00000, 0x00000000e8b00000| Complete 
| 140|0x00000000e8c00000, 0x00000000e8d00000, 0x00000000e8d00000|100%| E|CS|TAMS 0x00000000e8c00000, 0x00000000e8c00000| Complete 
| 141|0x00000000e8d00000, 0x00000000e8e00000, 0x00000000e8e00000|100%| E|CS|TAMS 0x00000000e8d00000, 0x00000000e8d00000| Complete 
| 142|0x00000000e8e00000, 0x00000000e8f00000, 0x00000000e8f00000|100%| E|CS|TAMS 0x00000000e8e00000, 0x00000000e8e00000| Complete 
| 143|0x00000000e8f00000, 0x00000000e9000000, 0x00000000e9000000|100%| E|CS|TAMS 0x00000000e8f00000, 0x00000000e8f00000| Complete 
| 144|0x00000000e9000000, 0x00000000e9100000, 0x00000000e9100000|100%| E|CS|TAMS 0x00000000e9000000, 0x00000000e9000000| Complete 
| 145|0x00000000e9100000, 0x00000000e9200000, 0x00000000e9200000|100%| E|CS|TAMS 0x00000000e9100000, 0x00000000e9100000| Complete 
| 146|0x00000000e9200000, 0x00000000e9300000, 0x00000000e9300000|100%| E|  |TAMS 0x00000000e9200000, 0x00000000e9200000| Complete 
| 147|0x00000000e9300000, 0x00000000e9400000, 0x00000000e9400000|100%| E|CS|TAMS 0x00000000e9300000, 0x00000000e9300000| Complete 
| 148|0x00000000e9400000, 0x00000000e9500000, 0x00000000e9500000|100%| E|CS|TAMS 0x00000000e9400000, 0x00000000e9400000| Complete 
| 149|0x00000000e9500000, 0x00000000e9600000, 0x00000000e9600000|100%| E|CS|TAMS 0x00000000e9500000, 0x00000000e9500000| Complete 
| 150|0x00000000e9600000, 0x00000000e9700000, 0x00000000e9700000|100%| E|CS|TAMS 0x00000000e9600000, 0x00000000e9600000| Complete 
| 151|0x00000000e9700000, 0x00000000e9800000, 0x00000000e9800000|100%| E|CS|TAMS 0x00000000e9700000, 0x00000000e9700000| Complete 
| 152|0x00000000e9800000, 0x00000000e9900000, 0x00000000e9900000|100%| E|CS|TAMS 0x00000000e9800000, 0x00000000e9800000| Complete 
| 153|0x00000000e9900000, 0x00000000e9a00000, 0x00000000e9a00000|100%| E|CS|TAMS 0x00000000e9900000, 0x00000000e9900000| Complete 
| 154|0x00000000e9a00000, 0x00000000e9b00000, 0x00000000e9b00000|100%| E|CS|TAMS 0x00000000e9a00000, 0x00000000e9a00000| Complete 
| 155|0x00000000e9b00000, 0x00000000e9c00000, 0x00000000e9c00000|100%| E|CS|TAMS 0x00000000e9b00000, 0x00000000e9b00000| Complete 
| 156|0x00000000e9c00000, 0x00000000e9d00000, 0x00000000e9d00000|100%| E|CS|TAMS 0x00000000e9c00000, 0x00000000e9c00000| Complete 
| 157|0x00000000e9d00000, 0x00000000e9e00000, 0x00000000e9e00000|100%| E|CS|TAMS 0x00000000e9d00000, 0x00000000e9d00000| Complete 
| 158|0x00000000e9e00000, 0x00000000e9f00000, 0x00000000e9f00000|100%| E|CS|TAMS 0x00000000e9e00000, 0x00000000e9e00000| Complete 
| 159|0x00000000e9f00000, 0x00000000ea000000, 0x00000000ea000000|100%| E|CS|TAMS 0x00000000e9f00000, 0x00000000e9f00000| Complete 
| 160|0x00000000ea000000, 0x00000000ea100000, 0x00000000ea100000|100%| E|CS|TAMS 0x00000000ea000000, 0x00000000ea000000| Complete 
| 161|0x00000000ea100000, 0x00000000ea200000, 0x00000000ea200000|100%| E|CS|TAMS 0x00000000ea100000, 0x00000000ea100000| Complete 
| 162|0x00000000ea200000, 0x00000000ea300000, 0x00000000ea300000|100%| E|CS|TAMS 0x00000000ea200000, 0x00000000ea200000| Complete 
| 163|0x00000000ea300000, 0x00000000ea400000, 0x00000000ea400000|100%| E|CS|TAMS 0x00000000ea300000, 0x00000000ea300000| Complete 
| 164|0x00000000ea400000, 0x00000000ea500000, 0x00000000ea500000|100%| E|CS|TAMS 0x00000000ea400000, 0x00000000ea400000| Complete 
| 165|0x00000000ea500000, 0x00000000ea600000, 0x00000000ea600000|100%| E|CS|TAMS 0x00000000ea500000, 0x00000000ea500000| Complete 
| 166|0x00000000ea600000, 0x00000000ea700000, 0x00000000ea700000|100%| E|CS|TAMS 0x00000000ea600000, 0x00000000ea600000| Complete 
| 167|0x00000000ea700000, 0x00000000ea800000, 0x00000000ea800000|100%| E|CS|TAMS 0x00000000ea700000, 0x00000000ea700000| Complete 
| 168|0x00000000ea800000, 0x00000000ea900000, 0x00000000ea900000|100%| E|CS|TAMS 0x00000000ea800000, 0x00000000ea800000| Complete 
| 169|0x00000000ea900000, 0x00000000eaa00000, 0x00000000eaa00000|100%| E|CS|TAMS 0x00000000ea900000, 0x00000000ea900000| Complete 
| 170|0x00000000eaa00000, 0x00000000eab00000, 0x00000000eab00000|100%| E|CS|TAMS 0x00000000eaa00000, 0x00000000eaa00000| Complete 
| 171|0x00000000eab00000, 0x00000000eac00000, 0x00000000eac00000|100%| E|CS|TAMS 0x00000000eab00000, 0x00000000eab00000| Complete 
| 172|0x00000000eac00000, 0x00000000ead00000, 0x00000000ead00000|100%| E|CS|TAMS 0x00000000eac00000, 0x00000000eac00000| Complete 
| 173|0x00000000ead00000, 0x00000000eae00000, 0x00000000eae00000|100%| E|CS|TAMS 0x00000000ead00000, 0x00000000ead00000| Complete 
| 174|0x00000000eae00000, 0x00000000eaf00000, 0x00000000eaf00000|100%| E|CS|TAMS 0x00000000eae00000, 0x00000000eae00000| Complete 
| 175|0x00000000eaf00000, 0x00000000eb000000, 0x00000000eb000000|100%| E|CS|TAMS 0x00000000eaf00000, 0x00000000eaf00000| Complete 
| 176|0x00000000eb000000, 0x00000000eb100000, 0x00000000eb100000|100%| E|CS|TAMS 0x00000000eb000000, 0x00000000eb000000| Complete 
| 177|0x00000000eb100000, 0x00000000eb200000, 0x00000000eb200000|100%| E|CS|TAMS 0x00000000eb100000, 0x00000000eb100000| Complete 
| 178|0x00000000eb200000, 0x00000000eb300000, 0x00000000eb300000|100%| E|CS|TAMS 0x00000000eb200000, 0x00000000eb200000| Complete 
| 179|0x00000000eb300000, 0x00000000eb400000, 0x00000000eb400000|100%| E|CS|TAMS 0x00000000eb300000, 0x00000000eb300000| Complete 
| 180|0x00000000eb400000, 0x00000000eb500000, 0x00000000eb500000|100%| E|CS|TAMS 0x00000000eb400000, 0x00000000eb400000| Complete 
| 181|0x00000000eb500000, 0x00000000eb600000, 0x00000000eb600000|100%| E|CS|TAMS 0x00000000eb500000, 0x00000000eb500000| Complete 
| 182|0x00000000eb600000, 0x00000000eb700000, 0x00000000eb700000|100%| E|CS|TAMS 0x00000000eb600000, 0x00000000eb600000| Complete 
| 183|0x00000000eb700000, 0x00000000eb800000, 0x00000000eb800000|100%| E|CS|TAMS 0x00000000eb700000, 0x00000000eb700000| Complete 
| 184|0x00000000eb800000, 0x00000000eb900000, 0x00000000eb900000|100%| E|CS|TAMS 0x00000000eb800000, 0x00000000eb800000| Complete 
| 185|0x00000000eb900000, 0x00000000eba00000, 0x00000000eba00000|100%| E|CS|TAMS 0x00000000eb900000, 0x00000000eb900000| Complete 
| 186|0x00000000eba00000, 0x00000000ebb00000, 0x00000000ebb00000|100%| E|CS|TAMS 0x00000000eba00000, 0x00000000eba00000| Complete 
| 187|0x00000000ebb00000, 0x00000000ebc00000, 0x00000000ebc00000|100%| E|CS|TAMS 0x00000000ebb00000, 0x00000000ebb00000| Complete 
| 188|0x00000000ebc00000, 0x00000000ebd00000, 0x00000000ebd00000|100%| E|CS|TAMS 0x00000000ebc00000, 0x00000000ebc00000| Complete 
| 189|0x00000000ebd00000, 0x00000000ebe00000, 0x00000000ebe00000|100%| E|CS|TAMS 0x00000000ebd00000, 0x00000000ebd00000| Complete 
| 190|0x00000000ebe00000, 0x00000000ebf00000, 0x00000000ebf00000|100%| E|CS|TAMS 0x00000000ebe00000, 0x00000000ebe00000| Complete 
| 191|0x00000000ebf00000, 0x00000000ec000000, 0x00000000ec000000|100%| E|CS|TAMS 0x00000000ebf00000, 0x00000000ebf00000| Complete 
| 192|0x00000000ec000000, 0x00000000ec100000, 0x00000000ec100000|100%| E|CS|TAMS 0x00000000ec000000, 0x00000000ec000000| Complete 
| 193|0x00000000ec100000, 0x00000000ec200000, 0x00000000ec200000|100%| E|CS|TAMS 0x00000000ec100000, 0x00000000ec100000| Complete 
| 194|0x00000000ec200000, 0x00000000ec300000, 0x00000000ec300000|100%| E|CS|TAMS 0x00000000ec200000, 0x00000000ec200000| Complete 
| 195|0x00000000ec300000, 0x00000000ec400000, 0x00000000ec400000|100%| E|CS|TAMS 0x00000000ec300000, 0x00000000ec300000| Complete 
| 196|0x00000000ec400000, 0x00000000ec500000, 0x00000000ec500000|100%| E|CS|TAMS 0x00000000ec400000, 0x00000000ec400000| Complete 
| 197|0x00000000ec500000, 0x00000000ec600000, 0x00000000ec600000|100%| E|CS|TAMS 0x00000000ec500000, 0x00000000ec500000| Complete 
| 198|0x00000000ec600000, 0x00000000ec700000, 0x00000000ec700000|100%| E|CS|TAMS 0x00000000ec600000, 0x00000000ec600000| Complete 
| 199|0x00000000ec700000, 0x00000000ec800000, 0x00000000ec800000|100%| E|CS|TAMS 0x00000000ec700000, 0x00000000ec700000| Complete 
| 200|0x00000000ec800000, 0x00000000ec900000, 0x00000000ec900000|100%| E|CS|TAMS 0x00000000ec800000, 0x00000000ec800000| Complete 
| 201|0x00000000ec900000, 0x00000000eca00000, 0x00000000eca00000|100%| E|CS|TAMS 0x00000000ec900000, 0x00000000ec900000| Complete 
| 202|0x00000000eca00000, 0x00000000ecb00000, 0x00000000ecb00000|100%| E|CS|TAMS 0x00000000eca00000, 0x00000000eca00000| Complete 
| 203|0x00000000ecb00000, 0x00000000ecc00000, 0x00000000ecc00000|100%| E|CS|TAMS 0x00000000ecb00000, 0x00000000ecb00000| Complete 
| 204|0x00000000ecc00000, 0x00000000ecd00000, 0x00000000ecd00000|100%| E|CS|TAMS 0x00000000ecc00000, 0x00000000ecc00000| Complete 
| 205|0x00000000ecd00000, 0x00000000ece00000, 0x00000000ece00000|100%| E|CS|TAMS 0x00000000ecd00000, 0x00000000ecd00000| Complete 
| 206|0x00000000ece00000, 0x00000000ecf00000, 0x00000000ecf00000|100%| E|CS|TAMS 0x00000000ece00000, 0x00000000ece00000| Complete 
| 207|0x00000000ecf00000, 0x00000000ed000000, 0x00000000ed000000|100%| E|CS|TAMS 0x00000000ecf00000, 0x00000000ecf00000| Complete 
| 208|0x00000000ed000000, 0x00000000ed100000, 0x00000000ed100000|100%| E|CS|TAMS 0x00000000ed000000, 0x00000000ed000000| Complete 
| 209|0x00000000ed100000, 0x00000000ed200000, 0x00000000ed200000|100%| E|CS|TAMS 0x00000000ed100000, 0x00000000ed100000| Complete 
| 210|0x00000000ed200000, 0x00000000ed300000, 0x00000000ed300000|100%| E|CS|TAMS 0x00000000ed200000, 0x00000000ed200000| Complete 
| 211|0x00000000ed300000, 0x00000000ed400000, 0x00000000ed400000|100%| E|CS|TAMS 0x00000000ed300000, 0x00000000ed300000| Complete 
| 212|0x00000000ed400000, 0x00000000ed500000, 0x00000000ed500000|100%| E|CS|TAMS 0x00000000ed400000, 0x00000000ed400000| Complete 
| 213|0x00000000ed500000, 0x00000000ed600000, 0x00000000ed600000|100%| E|CS|TAMS 0x00000000ed500000, 0x00000000ed500000| Complete 
| 214|0x00000000ed600000, 0x00000000ed700000, 0x00000000ed700000|100%| E|CS|TAMS 0x00000000ed600000, 0x00000000ed600000| Complete 
| 215|0x00000000ed700000, 0x00000000ed800000, 0x00000000ed800000|100%| E|CS|TAMS 0x00000000ed700000, 0x00000000ed700000| Complete 
| 216|0x00000000ed800000, 0x00000000ed900000, 0x00000000ed900000|100%| E|CS|TAMS 0x00000000ed800000, 0x00000000ed800000| Complete 
| 217|0x00000000ed900000, 0x00000000eda00000, 0x00000000eda00000|100%| E|CS|TAMS 0x00000000ed900000, 0x00000000ed900000| Complete 
| 218|0x00000000eda00000, 0x00000000edb00000, 0x00000000edb00000|100%| E|CS|TAMS 0x00000000eda00000, 0x00000000eda00000| Complete 
| 219|0x00000000edb00000, 0x00000000edc00000, 0x00000000edc00000|100%| E|CS|TAMS 0x00000000edb00000, 0x00000000edb00000| Complete 
| 220|0x00000000edc00000, 0x00000000edd00000, 0x00000000edd00000|100%| E|CS|TAMS 0x00000000edc00000, 0x00000000edc00000| Complete 
| 221|0x00000000edd00000, 0x00000000ede00000, 0x00000000ede00000|100%| E|CS|TAMS 0x00000000edd00000, 0x00000000edd00000| Complete 
| 222|0x00000000ede00000, 0x00000000edf00000, 0x00000000edf00000|100%| E|CS|TAMS 0x00000000ede00000, 0x00000000ede00000| Complete 
| 223|0x00000000edf00000, 0x00000000ee000000, 0x00000000ee000000|100%| E|CS|TAMS 0x00000000edf00000, 0x00000000edf00000| Complete 
| 224|0x00000000ee000000, 0x00000000ee100000, 0x00000000ee100000|100%| E|CS|TAMS 0x00000000ee000000, 0x00000000ee000000| Complete 
| 225|0x00000000ee100000, 0x00000000ee200000, 0x00000000ee200000|100%| E|CS|TAMS 0x00000000ee100000, 0x00000000ee100000| Complete 
| 226|0x00000000ee200000, 0x00000000ee300000, 0x00000000ee300000|100%| E|CS|TAMS 0x00000000ee200000, 0x00000000ee200000| Complete 
| 227|0x00000000ee300000, 0x00000000ee400000, 0x00000000ee400000|100%| E|CS|TAMS 0x00000000ee300000, 0x00000000ee300000| Complete 
| 228|0x00000000ee400000, 0x00000000ee500000, 0x00000000ee500000|100%| E|CS|TAMS 0x00000000ee400000, 0x00000000ee400000| Complete 
| 229|0x00000000ee500000, 0x00000000ee600000, 0x00000000ee600000|100%| E|CS|TAMS 0x00000000ee500000, 0x00000000ee500000| Complete 
| 230|0x00000000ee600000, 0x00000000ee700000, 0x00000000ee700000|100%| E|CS|TAMS 0x00000000ee600000, 0x00000000ee600000| Complete 
| 231|0x00000000ee700000, 0x00000000ee800000, 0x00000000ee800000|100%| E|CS|TAMS 0x00000000ee700000, 0x00000000ee700000| Complete 
| 232|0x00000000ee800000, 0x00000000ee900000, 0x00000000ee900000|100%| E|CS|TAMS 0x00000000ee800000, 0x00000000ee800000| Complete 
| 233|0x00000000ee900000, 0x00000000eea00000, 0x00000000eea00000|100%| E|CS|TAMS 0x00000000ee900000, 0x00000000ee900000| Complete 
| 234|0x00000000eea00000, 0x00000000eeb00000, 0x00000000eeb00000|100%| E|CS|TAMS 0x00000000eea00000, 0x00000000eea00000| Complete 
| 235|0x00000000eeb00000, 0x00000000eec00000, 0x00000000eec00000|100%| E|CS|TAMS 0x00000000eeb00000, 0x00000000eeb00000| Complete 
| 236|0x00000000eec00000, 0x00000000eed00000, 0x00000000eed00000|100%| E|CS|TAMS 0x00000000eec00000, 0x00000000eec00000| Complete 
| 237|0x00000000eed00000, 0x00000000eee00000, 0x00000000eee00000|100%| E|CS|TAMS 0x00000000eed00000, 0x00000000eed00000| Complete 
| 238|0x00000000eee00000, 0x00000000eef00000, 0x00000000eef00000|100%| E|CS|TAMS 0x00000000eee00000, 0x00000000eee00000| Complete 
| 239|0x00000000eef00000, 0x00000000ef000000, 0x00000000ef000000|100%| E|CS|TAMS 0x00000000eef00000, 0x00000000eef00000| Complete 
| 240|0x00000000ef000000, 0x00000000ef100000, 0x00000000ef100000|100%| E|CS|TAMS 0x00000000ef000000, 0x00000000ef000000| Complete 
| 241|0x00000000ef100000, 0x00000000ef1ddcd0, 0x00000000ef200000| 86%| S|CS|TAMS 0x00000000ef100000, 0x00000000ef100000| Complete 
| 242|0x00000000ef200000, 0x00000000ef300000, 0x00000000ef300000|100%| S|CS|TAMS 0x00000000ef200000, 0x00000000ef200000| Complete 
| 243|0x00000000ef300000, 0x00000000ef400000, 0x00000000ef400000|100%| S|CS|TAMS 0x00000000ef300000, 0x00000000ef300000| Complete 
| 244|0x00000000ef400000, 0x00000000ef500000, 0x00000000ef500000|100%| S|CS|TAMS 0x00000000ef400000, 0x00000000ef400000| Complete 
| 245|0x00000000ef500000, 0x00000000ef600000, 0x00000000ef600000|100%| E|CS|TAMS 0x00000000ef500000, 0x00000000ef500000| Complete 
| 246|0x00000000ef600000, 0x00000000ef700000, 0x00000000ef700000|100%| E|CS|TAMS 0x00000000ef600000, 0x00000000ef600000| Complete 
| 247|0x00000000ef700000, 0x00000000ef800000, 0x00000000ef800000|100%| E|CS|TAMS 0x00000000ef700000, 0x00000000ef700000| Complete 
| 248|0x00000000ef800000, 0x00000000ef900000, 0x00000000ef900000|100%| E|CS|TAMS 0x00000000ef800000, 0x00000000ef800000| Complete 
| 249|0x00000000ef900000, 0x00000000efa00000, 0x00000000efa00000|100%| E|CS|TAMS 0x00000000ef900000, 0x00000000ef900000| Complete 
| 250|0x00000000efa00000, 0x00000000efb00000, 0x00000000efb00000|100%| E|CS|TAMS 0x00000000efa00000, 0x00000000efa00000| Complete 
| 251|0x00000000efb00000, 0x00000000efc00000, 0x00000000efc00000|100%| E|CS|TAMS 0x00000000efb00000, 0x00000000efb00000| Complete 
| 252|0x00000000efc00000, 0x00000000efd00000, 0x00000000efd00000|100%| E|CS|TAMS 0x00000000efc00000, 0x00000000efc00000| Complete 
| 253|0x00000000efd00000, 0x00000000efe00000, 0x00000000efe00000|100%| E|CS|TAMS 0x00000000efd00000, 0x00000000efd00000| Complete 
| 254|0x00000000efe00000, 0x00000000eff00000, 0x00000000eff00000|100%| E|CS|TAMS 0x00000000efe00000, 0x00000000efe00000| Complete 
| 255|0x00000000eff00000, 0x00000000f0000000, 0x00000000f0000000|100%| E|CS|TAMS 0x00000000eff00000, 0x00000000eff00000| Complete 

Card table byte_map: [0x0000022922600000,0x0000022922700000] _byte_map_base: 0x0000022921f00000

Marking Bits (Prev, Next): (CMBitMap*) 0x0000022909098d08, (CMBitMap*) 0x0000022909098cc8
 Prev Bits: [0x0000022923000000, 0x0000022923800000)
 Next Bits: [0x0000022922800000, 0x0000022923000000)

Polling page: 0x0000022908ed0000

Metaspace:

Usage:
  Non-class:     62.15 MB capacity,    60.60 MB ( 98%) used,     1.36 MB (  2%) free+waste,   195.25 KB ( <1%) overhead. 
      Class:      9.85 MB capacity,     9.07 MB ( 92%) used,   705.13 KB (  7%) free+waste,    94.19 KB ( <1%) overhead. 
       Both:     72.00 MB capacity,    69.67 MB ( 97%) used,     2.05 MB (  3%) free+waste,   289.44 KB ( <1%) overhead. 

Virtual space:
  Non-class space:       64.00 MB reserved,      62.34 MB ( 97%) committed 
      Class space:      248.00 MB reserved,       9.95 MB (  4%) committed 
             Both:      312.00 MB reserved,      72.29 MB ( 23%) committed 

Chunk freelists:
   Non-Class:  58.00 KB
       Class:  28.00 KB
        Both:  86.00 KB

MaxMetaspaceSize: 256.00 MB
CompressedClassSpaceSize: 248.00 MB

CodeHeap 'non-profiled nmethods': size=120000Kb used=4144Kb max_used=4144Kb free=115855Kb
 bounds [0x000002291a870000, 0x000002291ac80000, 0x0000022921da0000]
CodeHeap 'profiled nmethods': size=120000Kb used=22070Kb max_used=22070Kb free=97929Kb
 bounds [0x0000022913340000, 0x00000229148e0000, 0x000002291a870000]
CodeHeap 'non-nmethods': size=5760Kb used=2412Kb max_used=2439Kb free=3347Kb
 bounds [0x0000022912da0000, 0x0000022913020000, 0x0000022913340000]
 total_blobs=12439 nmethods=8603 adapters=809
 compilation: enabled
              stopped_count=0, restarted_count=0
 full_count=0

Compilation events (20 events):
Event: 357.314 Thread 0x0000022925e04800 nmethod 9620 0x00000229148b5090 code [0x00000229148b5240, 0x00000229148b5450]
Event: 357.314 Thread 0x0000022925e04800 9625       1       org.gradle.api.internal.artifacts.ivyservice.resolveengine.graph.builder.NodeState::getNodeId (5 bytes)
Event: 357.314 Thread 0x0000022925e04800 nmethod 9625 0x000002291ac72f90 code [0x000002291ac73120, 0x000002291ac73258]
Event: 357.314 Thread 0x0000022925e04800 9622       1       org.gradle.api.internal.artifacts.ivyservice.resolveengine.graph.builder.EdgeState::getFrom (5 bytes)
Event: 357.315 Thread 0x0000022925e04800 nmethod 9622 0x000002291ac73310 code [0x000002291ac734a0, 0x000002291ac735d8]
Event: 357.315 Thread 0x0000022925e04800 9624       1       org.gradle.api.internal.artifacts.ivyservice.resolveengine.graph.builder.ComponentState::getResultId (5 bytes)
Event: 357.315 Thread 0x0000022925e04800 nmethod 9624 0x000002291ac73690 code [0x000002291ac73820, 0x000002291ac73958]
Event: 357.315 Thread 0x0000022925e04800 9621       1       org.gradle.api.internal.artifacts.result.DefaultResolvedVariantResult::hashCode (5 bytes)
Event: 357.315 Thread 0x0000022925e04800 nmethod 9621 0x000002291ac73a10 code [0x000002291ac73ba0, 0x000002291ac73cd8]
Event: 357.315 Thread 0x0000022925e04800 9628       3       org.gradle.internal.snapshot.impl.AbstractScalarValueSnapshot::equals (41 bytes)
Event: 357.316 Thread 0x0000022925e04800 nmethod 9628 0x00000229148b5510 code [0x00000229148b56e0, 0x00000229148b5b90]
Event: 357.316 Thread 0x0000022925e04800 9629       1       org.gradle.internal.component.external.model.DefaultModuleComponentSelector::hashCode (5 bytes)
Event: 357.316 Thread 0x0000022925e04800 nmethod 9629 0x000002291ac73d90 code [0x000002291ac73f20, 0x000002291ac74058]
Event: 357.317 Thread 0x0000022925e04800 9627       1       org.gradle.api.internal.artifacts.ivyservice.resolveengine.result.ComponentIdentifierSerializer$Implementation::getId (5 bytes)
Event: 357.317 Thread 0x0000022925e04800 nmethod 9627 0x000002291ac74110 code [0x000002291ac742a0, 0x000002291ac743d8]
Event: 357.317 Thread 0x0000022925e04800 9626       1       org.gradle.api.internal.artifacts.ivyservice.ivyresolve.CachingModuleComponentRepository::access$200 (5 bytes)
Event: 357.318 Thread 0x0000022925e04800 nmethod 9626 0x000002291ac74490 code [0x000002291ac74620, 0x000002291ac74718]
Event: 357.318 Thread 0x0000022925e04800 9630       3       java.util.LinkedHashSet::<init> (9 bytes)
Event: 357.319 Thread 0x0000022925e04800 nmethod 9630 0x00000229148b5c90 code [0x00000229148b5ea0, 0x00000229148b6330]
Event: 357.322 Thread 0x0000022925e04800 9631       3       com.google.common.base.Platform::stringIsNullOrEmpty (17 bytes)

GC Heap History (18 events):
Event: 1.712 GC heap before
{Heap before GC invocations=0 (full 0):
 garbage-first heap   total 262144K, used 19456K [0x00000000e0000000, 0x0000000100000000)
  region size 1024K, 14 young (14336K), 0 survivors (0K)
 Metaspace       used 2026K, capacity 5446K, committed 5760K, reserved 262144K
  class space    used 231K, capacity 580K, committed 640K, reserved 253952K
}
Event: 1.725 GC heap after
{Heap after GC invocations=1 (full 0):
 garbage-first heap   total 262144K, used 8025K [0x00000000e0000000, 0x0000000100000000)
  region size 1024K, 2 young (2048K), 2 survivors (2048K)
 Metaspace       used 2026K, capacity 5446K, committed 5760K, reserved 262144K
  class space    used 231K, capacity 580K, committed 640K, reserved 253952K
}
Event: 12.447 GC heap before
{Heap before GC invocations=1 (full 0):
 garbage-first heap   total 262144K, used 146265K [0x00000000e0000000, 0x0000000100000000)
  region size 1024K, 137 young (140288K), 2 survivors (2048K)
 Metaspace       used 18599K, capacity 19134K, committed 19328K, reserved 270336K
  class space    used 2675K, capacity 2891K, committed 2944K, reserved 253952K
}
Event: 12.481 GC heap after
{Heap after GC invocations=2 (full 0):
 garbage-first heap   total 262144K, used 17747K [0x00000000e0000000, 0x0000000100000000)
  region size 1024K, 12 young (12288K), 12 survivors (12288K)
 Metaspace       used 18599K, capacity 19134K, committed 19328K, reserved 270336K
  class space    used 2675K, capacity 2891K, committed 2944K, reserved 253952K
}
Event: 13.411 GC heap before
{Heap before GC invocations=2 (full 0):
 garbage-first heap   total 262144K, used 35155K [0x00000000e0000000, 0x0000000100000000)
  region size 1024K, 30 young (30720K), 12 survivors (12288K)
 Metaspace       used 20563K, capacity 21142K, committed 21296K, reserved 272384K
  class space    used 2988K, capacity 3200K, committed 3200K, reserved 253952K
}
Event: 13.449 GC heap after
{Heap after GC invocations=3 (full 0):
 garbage-first heap   total 262144K, used 18771K [0x00000000e0000000, 0x0000000100000000)
  region size 1024K, 2 young (2048K), 2 survivors (2048K)
 Metaspace       used 20563K, capacity 21142K, committed 21296K, reserved 272384K
  class space    used 2988K, capacity 3200K, committed 3200K, reserved 253952K
}
Event: 16.878 GC heap before
{Heap before GC invocations=4 (full 0):
 garbage-first heap   total 262144K, used 72019K [0x00000000e0000000, 0x0000000100000000)
  region size 1024K, 55 young (56320K), 2 survivors (2048K)
 Metaspace       used 27883K, capacity 28497K, committed 28720K, reserved 280576K
  class space    used 3682K, capacity 3922K, committed 3968K, reserved 253952K
}
Event: 16.889 GC heap after
{Heap after GC invocations=5 (full 0):
 garbage-first heap   total 262144K, used 20504K [0x00000000e0000000, 0x0000000100000000)
  region size 1024K, 3 young (3072K), 3 survivors (3072K)
 Metaspace       used 27883K, capacity 28497K, committed 28720K, reserved 280576K
  class space    used 3682K, capacity 3922K, committed 3968K, reserved 253952K
}
Event: 21.330 GC heap before
{Heap before GC invocations=5 (full 0):
 garbage-first heap   total 262144K, used 87064K [0x00000000e0000000, 0x0000000100000000)
  region size 1024K, 67 young (68608K), 3 survivors (3072K)
 Metaspace       used 34767K, capacity 35662K, committed 35708K, reserved 286720K
  class space    used 4478K, capacity 4767K, committed 4812K, reserved 253952K
}
Event: 21.368 GC heap after
{Heap after GC invocations=6 (full 0):
 garbage-first heap   total 262144K, used 24570K [0x00000000e0000000, 0x0000000100000000)
  region size 1024K, 7 young (7168K), 7 survivors (7168K)
 Metaspace       used 34767K, capacity 35662K, committed 35708K, reserved 286720K
  class space    used 4478K, capacity 4767K, committed 4812K, reserved 253952K
}
Event: 27.395 GC heap before
{Heap before GC invocations=7 (full 0):
 garbage-first heap   total 262144K, used 105466K [0x00000000e0000000, 0x0000000100000000)
  region size 1024K, 86 young (88064K), 7 survivors (7168K)
 Metaspace       used 41624K, capacity 42703K, committed 42748K, reserved 290816K
  class space    used 5533K, capacity 5933K, committed 5964K, reserved 253952K
}
Event: 27.485 GC heap after
{Heap after GC invocations=8 (full 0):
 garbage-first heap   total 262144K, used 30057K [0x00000000e0000000, 0x0000000100000000)
  region size 1024K, 10 young (10240K), 10 survivors (10240K)
 Metaspace       used 41624K, capacity 42703K, committed 42748K, reserved 290816K
  class space    used 5533K, capacity 5933K, committed 5964K, reserved 253952K
}
Event: 34.933 GC heap before
{Heap before GC invocations=8 (full 0):
 garbage-first heap   total 262144K, used 115049K [0x00000000e0000000, 0x0000000100000000)
  region size 1024K, 93 young (95232K), 10 survivors (10240K)
 Metaspace       used 53225K, capacity 54792K, committed 54908K, reserved 301056K
  class space    used 7161K, capacity 7800K, committed 7884K, reserved 253952K
}
Event: 34.993 GC heap after
{Heap after GC invocations=9 (full 0):
 garbage-first heap   total 262144K, used 36631K [0x00000000e0000000, 0x0000000100000000)
  region size 1024K, 12 young (12288K), 12 survivors (12288K)
 Metaspace       used 53225K, capacity 54792K, committed 54908K, reserved 301056K
  class space    used 7161K, capacity 7800K, committed 7884K, reserved 253952K
}
Event: 103.532 GC heap before
{Heap before GC invocations=9 (full 0):
 garbage-first heap   total 262144K, used 127767K [0x00000000e0000000, 0x0000000100000000)
  region size 1024K, 102 young (104448K), 12 survivors (12288K)
 Metaspace       used 57637K, capacity 59541K, committed 59772K, reserved 307200K
  class space    used 7624K, capacity 8286K, committed 8396K, reserved 253952K
}
Event: 103.575 GC heap after
{Heap after GC invocations=10 (full 0):
 garbage-first heap   total 262144K, used 39603K [0x00000000e0000000, 0x0000000100000000)
  region size 1024K, 10 young (10240K), 10 survivors (10240K)
 Metaspace       used 57637K, capacity 59541K, committed 59772K, reserved 307200K
  class space    used 7624K, capacity 8286K, committed 8396K, reserved 253952K
}
Event: 104.387 GC heap before
{Heap before GC invocations=10 (full 0):
 garbage-first heap   total 262144K, used 49843K [0x00000000e0000000, 0x0000000100000000)
  region size 1024K, 21 young (21504K), 10 survivors (10240K)
 Metaspace       used 57899K, capacity 59856K, committed 59940K, reserved 307200K
  class space    used 7654K, capacity 8343K, committed 8396K, reserved 253952K
}
Event: 104.438 GC heap after
{Heap after GC invocations=11 (full 0):
 garbage-first heap   total 262144K, used 40036K [0x00000000e0000000, 0x0000000100000000)
  region size 1024K, 4 young (4096K), 4 survivors (4096K)
 Metaspace       used 57899K, capacity 59856K, committed 59940K, reserved 307200K
  class space    used 7654K, capacity 8343K, committed 8396K, reserved 253952K
}

Deoptimization events (20 events):
Event: 356.951 Thread 0x000002292947c800 DEOPT PACKING pc=0x00000229147d420d sp=0x000000e2968f75f0
Event: 356.951 Thread 0x000002292947c800 DEOPT UNPACKING pc=0x0000022912de993f sp=0x000000e2968f6aa8 mode 0
Event: 356.953 Thread 0x000002292947c800 DEOPT PACKING pc=0x00000229147d350d sp=0x000000e2968f75f0
Event: 356.953 Thread 0x000002292947c800 DEOPT UNPACKING pc=0x0000022912de993f sp=0x000000e2968f6aa8 mode 0
Event: 357.048 Thread 0x000002292947c800 DEOPT PACKING pc=0x00000229147dc28e sp=0x000000e2968f71e0
Event: 357.048 Thread 0x000002292947c800 DEOPT UNPACKING pc=0x0000022912de993f sp=0x000000e2968f6610 mode 0
Event: 357.064 Thread 0x000002292947c800 DEOPT PACKING pc=0x00000229147dc25b sp=0x000000e2968f7840
Event: 357.064 Thread 0x000002292947c800 DEOPT UNPACKING pc=0x0000022912de993f sp=0x000000e2968f6c70 mode 0
Event: 357.069 Thread 0x000002292947c800 DEOPT PACKING pc=0x00000229147dc28e sp=0x000000e2968f7840
Event: 357.069 Thread 0x000002292947c800 DEOPT UNPACKING pc=0x0000022912de993f sp=0x000000e2968f6c70 mode 0
Event: 357.191 Thread 0x000002292947c800 DEOPT PACKING pc=0x00000229147dc25b sp=0x000000e2968f74f0
Event: 357.191 Thread 0x000002292947c800 DEOPT UNPACKING pc=0x0000022912de993f sp=0x000000e2968f6920 mode 0
Event: 357.238 Thread 0x000002292947c800 DEOPT PACKING pc=0x00000229147dc28e sp=0x000000e2968f7840
Event: 357.238 Thread 0x000002292947c800 DEOPT UNPACKING pc=0x0000022912de993f sp=0x000000e2968f6c70 mode 0
Event: 357.238 Thread 0x000002292947c800 DEOPT PACKING pc=0x00000229147dc25b sp=0x000000e2968f7840
Event: 357.238 Thread 0x000002292947c800 DEOPT UNPACKING pc=0x0000022912de993f sp=0x000000e2968f6c70 mode 0
Event: 357.240 Thread 0x000002292947c800 DEOPT PACKING pc=0x00000229147dc28e sp=0x000000e2968f7840
Event: 357.240 Thread 0x000002292947c800 DEOPT UNPACKING pc=0x0000022912de993f sp=0x000000e2968f6c70 mode 0
Event: 357.306 Thread 0x000002292947c800 DEOPT PACKING pc=0x0000022913d37881 sp=0x000000e2968f9af0
Event: 357.306 Thread 0x000002292947c800 DEOPT UNPACKING pc=0x0000022912de993f sp=0x000000e2968f8fa8 mode 0

Classes unloaded (20 events):
Event: 104.639 Thread 0x0000022925dd5800 Unloading class 0x0000000800f026b8 '_BuildScript_'
Event: 104.639 Thread 0x0000022925dd5800 Unloading class 0x0000000800f02400 'IJTestEventLogger$2'
Event: 104.639 Thread 0x0000022925dd5800 Unloading class 0x0000000800f02118 'IJTestEventLogger$1'
Event: 104.639 Thread 0x0000022925dd5800 Unloading class 0x0000000800f01d50 'IJTestEventLogger$_logConfigurationError_closure2'
Event: 104.639 Thread 0x0000022925dd5800 Unloading class 0x0000000800f01988 'IJTestEventLogger$_logTestEvent_closure1$_closure3$_closure5'
Event: 104.639 Thread 0x0000022925dd5800 Unloading class 0x0000000800f015c0 'IJTestEventLogger$_logTestEvent_closure1$_closure3$_closure4'
Event: 104.639 Thread 0x0000022925dd5800 Unloading class 0x0000000800f011f8 'IJTestEventLogger$_logTestEvent_closure1$_closure3'
Event: 104.639 Thread 0x0000022925dd5800 Unloading class 0x0000000800f00e30 'IJTestEventLogger$_logTestEvent_closure1'
Event: 104.639 Thread 0x0000022925dd5800 Unloading class 0x0000000800f00b98 'IJTestEventLogger'
Event: 104.639 Thread 0x0000022925dd5800 Unloading class 0x0000000800f007d0 'KotlinMppTestLogger$_logConfigurationError_closure7'
Event: 104.639 Thread 0x0000022925dd5800 Unloading class 0x0000000800f00408 'KotlinMppTestLogger$_logTestEvent_closure6$_closure8$_closure10'
Event: 104.639 Thread 0x0000022925dd5800 Unloading class 0x0000000800f00040 'KotlinMppTestLogger$_logTestEvent_closure6$_closure8$_closure9'
Event: 104.639 Thread 0x0000022925dd5800 Unloading class 0x0000000800e64c08 'KotlinMppTestLogger$_logTestEvent_closure6$_closure8'
Event: 104.639 Thread 0x0000022925dd5800 Unloading class 0x0000000800e64840 'KotlinMppTestLogger$_logTestEvent_closure6'
Event: 104.639 Thread 0x0000022925dd5800 Unloading class 0x0000000800e65408 'KotlinMppTestLogger$_configureTestEventLogging_closure5'
Event: 104.639 Thread 0x0000022925dd5800 Unloading class 0x0000000800e65040 'KotlinMppTestLogger$_configureTestEventLogging_closure4'
Event: 104.639 Thread 0x0000022925dd5800 Unloading class 0x0000000800e65c08 'KotlinMppTestLogger$_configureTestEventLogging_closure3'
Event: 104.639 Thread 0x0000022925dd5800 Unloading class 0x0000000800e65840 'KotlinMppTestLogger$_configureTestEventLogging_closure2'
Event: 104.639 Thread 0x0000022925dd5800 Unloading class 0x0000000800e662c0 'KotlinMppTestLogger$_configureTestEventLogging_closure1'
Event: 104.639 Thread 0x0000022925dd5800 Unloading class 0x0000000800e66040 'KotlinMppTestLogger'

Classes redefined (0 events):
No events

Internal exceptions (20 events):
Event: 348.908 Thread 0x000002292947c800 Exception <a 'java/lang/ClassNotFoundException'{0x00000000eaf21fa8}: org/gradle/api/internal/tasks/DefaultSourceSetContainerBeanInfo> (0x00000000eaf21fa8) 
thrown [t:/workspace/open/src/hotspot/share/classfile/systemDictionary.cpp, line 232]
Event: 348.911 Thread 0x000002292947c800 Exception <a 'java/lang/ClassNotFoundException'{0x00000000eaf33038}: org/gradle/api/internal/AbstractValidatingNamedDomainObjectContainerBeanInfo> (0x00000000eaf33038) 
thrown [t:/workspace/open/src/hotspot/share/classfile/systemDictionary.cpp, line 232]
Event: 348.913 Thread 0x000002292947c800 Exception <a 'java/lang/ClassNotFoundException'{0x00000000eaf42ca8}: org/gradle/api/internal/AbstractNamedDomainObjectContainerBeanInfo> (0x00000000eaf42ca8) 
thrown [t:/workspace/open/src/hotspot/share/classfile/systemDictionary.cpp, line 232]
Event: 348.914 Thread 0x000002292947c800 Exception <a 'java/lang/ClassNotFoundException'{0x00000000eaf52eb0}: org/gradle/api/internal/AbstractNamedDomainObjectContainerCustomizer> (0x00000000eaf52eb0) 
thrown [t:/workspace/open/src/hotspot/share/classfile/systemDictionary.cpp, line 232]
Event: 348.933 Thread 0x000002292947c800 Exception <a 'java/lang/ClassNotFoundException'{0x00000000eaf771a0}: org/gradle/api/internal/AbstractValidatingNamedDomainObjectContainerCustomizer> (0x00000000eaf771a0) 
thrown [t:/workspace/open/src/hotspot/share/classfile/systemDictionary.cpp, line 232]
Event: 348.944 Thread 0x000002292947c800 Exception <a 'java/lang/ClassNotFoundException'{0x00000000eaf9bed0}: org/gradle/api/internal/tasks/DefaultSourceSetContainerCustomizer> (0x00000000eaf9bed0) 
thrown [t:/workspace/open/src/hotspot/share/classfile/systemDictionary.cpp, line 232]
Event: 348.949 Thread 0x000002292947c800 Exception <a 'java/lang/ClassNotFoundException'{0x00000000eafc3e20}: org/gradle/api/internal/tasks/DefaultSourceSetContainer_DecoratedCustomizer> (0x00000000eafc3e20) 
thrown [t:/workspace/open/src/hotspot/share/classfile/systemDictionary.cpp, line 232]
Event: 349.078 Thread 0x000002292947c800 Exception <a 'java/lang/ClassNotFoundException'{0x00000000eae5f0f0}: org/jetbrains/plugins/gradle/tooling/tasks/DependenciesReport$ProjectNameFunctionBeanInfo> (0x00000000eae5f0f0) 
thrown [t:/workspace/open/src/hotspot/share/classfile/systemDictionary.cpp, line 232]
Event: 349.082 Thread 0x000002292947c800 Exception <a 'java/lang/ClassNotFoundException'{0x00000000eae6d8e0}: org/jetbrains/plugins/gradle/tooling/tasks/DependenciesReport$ProjectNameFunctionCustomizer> (0x00000000eae6d8e0) 
thrown [t:/workspace/open/src/hotspot/share/classfile/systemDictionary.cpp, line 232]
Event: 349.340 Thread 0x000002292947c800 Implicit null exception at 0x000002291a8b3984 to 0x000002291a8b3e3a
Event: 352.175 Thread 0x000002292947c800 Exception <a 'sun/nio/fs/WindowsException'{0x00000000ea328438}> (0x00000000ea328438) 
thrown [t:/workspace/open/src/hotspot/share/prims/jni.cpp, line 598]
Event: 352.241 Thread 0x000002292947c800 Exception <a 'java/lang/IncompatibleClassChangeError'{0x00000000ea34eef0}: Found class java.lang.Object, but interface was expected> (0x00000000ea34eef0) 
thrown [t:/workspace/open/src/hotspot/share/interpreter/linkResolver.cpp, line 833]
Event: 356.804 Thread 0x000002292947c800 Exception <a 'java/lang/ClassNotFoundException'{0x00000000e8ae1298}: org/jetbrains/plugins/gradle/tooling/tasks/DependenciesReport$IdGeneratorBeanInfo> (0x00000000e8ae1298) 
thrown [t:/workspace/open/src/hotspot/share/classfile/systemDictionary.cpp, line 232]
Event: 356.806 Thread 0x000002292947c800 Exception <a 'java/lang/ClassNotFoundException'{0x00000000e8aef588}: org/jetbrains/plugins/gradle/tooling/tasks/DependenciesReport$IdGeneratorCustomizer> (0x00000000e8aef588) 
thrown [t:/workspace/open/src/hotspot/share/classfile/systemDictionary.cpp, line 232]
Event: 356.835 Thread 0x000002292947c800 Exception <a 'java/lang/ClassNotFoundException'{0x00000000e881e7b8}: org/gradle/api/internal/artifacts/DefaultDependencySetBeanInfo> (0x00000000e881e7b8) 
thrown [t:/workspace/open/src/hotspot/share/classfile/systemDictionary.cpp, line 232]
Event: 356.838 Thread 0x000002292947c800 Exception <a 'java/lang/ClassNotFoundException'{0x00000000e882d260}: org/gradle/api/internal/DelegatingDomainObjectSetBeanInfo> (0x00000000e882d260) 
thrown [t:/workspace/open/src/hotspot/share/classfile/systemDictionary.cpp, line 232]
Event: 356.840 Thread 0x000002292947c800 Exception <a 'java/lang/ClassNotFoundException'{0x00000000e883caa0}: org/gradle/api/internal/DelegatingDomainObjectSetCustomizer> (0x00000000e883caa0) 
thrown [t:/workspace/open/src/hotspot/share/classfile/systemDictionary.cpp, line 232]
Event: 356.849 Thread 0x000002292947c800 Exception <a 'java/lang/ClassNotFoundException'{0x00000000e88727d8}: org/gradle/api/internal/artifacts/DefaultDependencySetCustomizer> (0x00000000e88727d8) 
thrown [t:/workspace/open/src/hotspot/share/classfile/systemDictionary.cpp, line 232]
Event: 356.866 Thread 0x000002292947c800 Exception <a 'java/lang/ClassNotFoundException'{0x00000000e88de808}: org/gradle/internal/component/external/model/DefaultModuleComponentIdentifierBeanInfo> (0x00000000e88de808) 
thrown [t:/workspace/open/src/hotspot/share/classfile/systemDictionary.cpp, line 232]
Event: 356.869 Thread 0x000002292947c800 Exception <a 'java/lang/ClassNotFoundException'{0x00000000e88fcc90}: org/gradle/internal/component/external/model/DefaultModuleComponentIdentifierCustomizer> (0x00000000e88fcc90) 
thrown [t:/workspace/open/src/hotspot/share/classfile/systemDictionary.cpp, line 232]

Events (20 events):
Event: 356.865 loading class org/gradle/internal/component/external/model/DefaultModuleComponentIdentifierBeanInfo
Event: 356.865 loading class org/gradle/internal/component/external/model/DefaultModuleComponentIdentifierBeanInfo done
Event: 356.866 loading class org/gradle/internal/component/external/model/DefaultModuleComponentIdentifierCustomizer
Event: 356.866 loading class org/gradle/internal/component/external/model/DefaultModuleComponentIdentifierCustomizer done
Event: 356.868 loading class org/gradle/internal/component/external/model/DefaultModuleComponentIdentifierCustomizer
Event: 356.868 loading class org/gradle/internal/component/external/model/DefaultModuleComponentIdentifierCustomizer done
Event: 356.869 loading class org/gradle/internal/component/external/model/DefaultModuleComponentIdentifierCustomizer
Event: 356.869 loading class org/gradle/internal/component/external/model/DefaultModuleComponentIdentifierCustomizer done
Event: 356.871 loading class org/codehaus/groovy/runtime/dgm$54
Event: 356.871 loading class org/codehaus/groovy/runtime/dgm$54 done
Event: 356.874 loading class com/intellij/openapi/externalSystem/model/project/dependencies/ReferenceNode
Event: 356.875 loading class com/intellij/openapi/externalSystem/model/project/dependencies/ReferenceNode done
Event: 356.891 Executing VM operation: RevokeBias
Event: 356.892 Executing VM operation: RevokeBias done
Event: 357.161 Executing VM operation: RevokeBias
Event: 357.162 Executing VM operation: RevokeBias done
Event: 357.163 Executing VM operation: RevokeBias
Event: 357.163 Executing VM operation: RevokeBias done
Event: 357.319 loading class com/intellij/openapi/externalSystem/model/project/dependencies/ComponentDependenciesImpl
Event: 357.319 loading class com/intellij/openapi/externalSystem/model/project/dependencies/ComponentDependenciesImpl done


Dynamic libraries:
0x00007ff76a790000 - 0x00007ff76a79f000 	C:\Program Files\Java\jdk-13.0.2\bin\java.exe
0x00007ffb36560000 - 0x00007ffb36750000 	C:\Windows\SYSTEM32\ntdll.dll
0x00007ffb35c40000 - 0x00007ffb35cf2000 	C:\Windows\System32\KERNEL32.DLL
0x00007ffb338b0000 - 0x00007ffb33b55000 	C:\Windows\System32\KERNELBASE.dll
0x00007ffb334f0000 - 0x00007ffb335ea000 	C:\Windows\System32\ucrtbase.dll
0x00007ffb1e660000 - 0x00007ffb1e678000 	C:\Program Files\Java\jdk-13.0.2\bin\jli.dll
0x00007ffb1da80000 - 0x00007ffb1da95000 	C:\Program Files\Java\jdk-13.0.2\bin\VCRUNTIME140.dll
0x00007ffb35380000 - 0x00007ffb35423000 	C:\Windows\System32\ADVAPI32.dll
0x00007ffb35d00000 - 0x00007ffb35d9e000 	C:\Windows\System32\msvcrt.dll
0x00007ffb35450000 - 0x00007ffb354e7000 	C:\Windows\System32\sechost.dll
0x00007ffb34620000 - 0x00007ffb34740000 	C:\Windows\System32\RPCRT4.dll
0x00007ffb35750000 - 0x00007ffb358e5000 	C:\Windows\System32\USER32.dll
0x00007ffb33b60000 - 0x00007ffb33b81000 	C:\Windows\System32\win32u.dll
0x00007ffb255b0000 - 0x00007ffb25834000 	C:\Windows\WinSxS\amd64_microsoft.windows.common-controls_6595b64144ccf1df_6.0.18362.1082_none_9e8193e1e45b25c1\COMCTL32.dll
0x00007ffb36470000 - 0x00007ffb36496000 	C:\Windows\System32\GDI32.dll
0x00007ffb35da0000 - 0x00007ffb360d5000 	C:\Windows\System32\combase.dll
0x00007ffb34470000 - 0x00007ffb34606000 	C:\Windows\System32\gdi32full.dll
0x00007ffb33830000 - 0x00007ffb338b0000 	C:\Windows\System32\bcryptPrimitives.dll
0x00007ffb335f0000 - 0x00007ffb3368e000 	C:\Windows\System32\msvcp_win.dll
0x00007ffb280e0000 - 0x00007ffb280ea000 	C:\Windows\SYSTEM32\VERSION.dll
0x00007ffb359d0000 - 0x00007ffb359fe000 	C:\Windows\System32\IMM32.DLL
0x00007ffb11230000 - 0x00007ffb112cb000 	C:\Program Files\Java\jdk-13.0.2\bin\msvcp140.dll
0x00007ffaec440000 - 0x00007ffaecf9d000 	C:\Program Files\Java\jdk-13.0.2\bin\server\jvm.dll
0x00007ffb34e30000 - 0x00007ffb34e38000 	C:\Windows\System32\PSAPI.DLL
0x00007ffb30f80000 - 0x00007ffb30fa4000 	C:\Windows\SYSTEM32\WINMM.dll
0x00007ffb31f00000 - 0x00007ffb31f09000 	C:\Windows\SYSTEM32\WSOCK32.dll
0x00007ffb36350000 - 0x00007ffb363bf000 	C:\Windows\System32\WS2_32.dll
0x00007ffb30f50000 - 0x00007ffb30f7d000 	C:\Windows\SYSTEM32\WINMMBASE.dll
0x00007ffb337e0000 - 0x00007ffb3382a000 	C:\Windows\System32\cfgmgr32.dll
0x00007ffb334d0000 - 0x00007ffb334e1000 	C:\Windows\System32\kernel.appcore.dll
0x00007ffb2f8d0000 - 0x00007ffb2f8e0000 	C:\Program Files\Java\jdk-13.0.2\bin\verify.dll
0x00007ffb31ce0000 - 0x00007ffb31ed4000 	C:\Windows\SYSTEM32\DBGHELP.DLL
0x00007ffb28070000 - 0x00007ffb2809a000 	C:\Windows\SYSTEM32\dbgcore.DLL
0x00007ffb16ab0000 - 0x00007ffb16ad6000 	C:\Program Files\Java\jdk-13.0.2\bin\java.dll
0x00007ffb1a010000 - 0x00007ffb1a027000 	C:\Program Files\Java\jdk-13.0.2\bin\zip.dll
0x00007ffb2cc50000 - 0x00007ffb2cc5a000 	C:\Program Files\Java\jdk-13.0.2\bin\jimage.dll
0x00007ffb34740000 - 0x00007ffb34e27000 	C:\Windows\System32\SHELL32.dll
0x00007ffb356a0000 - 0x00007ffb35749000 	C:\Windows\System32\shcore.dll
0x00007ffb33c10000 - 0x00007ffb34390000 	C:\Windows\System32\windows.storage.dll
0x00007ffb334a0000 - 0x00007ffb334c3000 	C:\Windows\System32\profapi.dll
0x00007ffb33430000 - 0x00007ffb3347a000 	C:\Windows\System32\powrprof.dll
0x00007ffb33420000 - 0x00007ffb33430000 	C:\Windows\System32\UMPDC.dll
0x00007ffb361b0000 - 0x00007ffb36202000 	C:\Windows\System32\shlwapi.dll
0x00007ffb33b90000 - 0x00007ffb33ba7000 	C:\Windows\System32\cryptsp.dll
0x00007ffb18200000 - 0x00007ffb18219000 	C:\Program Files\Java\jdk-13.0.2\bin\net.dll
0x00007ffb23e80000 - 0x00007ffb23f70000 	C:\Windows\SYSTEM32\WINHTTP.dll
0x00007ffb32c10000 - 0x00007ffb32c77000 	C:\Windows\system32\mswsock.dll
0x00007ffb16a90000 - 0x00007ffb16aa3000 	C:\Program Files\Java\jdk-13.0.2\bin\nio.dll
0x00007ffb16ae0000 - 0x00007ffb16b07000 	C:\Users\true_cookie\.gradle\native\c976cfcca226fdd4bee4412e95191dd41148b7504f9625baeda1d523bc39a967\windows-amd64\native-platform.dll
0x00007ffb29d30000 - 0x00007ffb29d39000 	C:\Program Files\Java\jdk-13.0.2\bin\management.dll
0x00007ffb187e0000 - 0x00007ffb187eb000 	C:\Program Files\Java\jdk-13.0.2\bin\management_ext.dll
0x00007ffb32780000 - 0x00007ffb327b3000 	C:\Windows\system32\rsaenh.dll
0x00007ffb34440000 - 0x00007ffb34466000 	C:\Windows\System32\bcrypt.dll
0x00007ffb33340000 - 0x00007ffb33365000 	C:\Windows\SYSTEM32\USERENV.dll
0x00007ffb32de0000 - 0x00007ffb32dec000 	C:\Windows\SYSTEM32\CRYPTBASE.dll
0x00007ffb32920000 - 0x00007ffb3295a000 	C:\Windows\SYSTEM32\IPHLPAPI.DLL
0x00007ffb34610000 - 0x00007ffb34618000 	C:\Windows\System32\NSI.dll
0x00007ffb27430000 - 0x00007ffb27446000 	C:\Windows\SYSTEM32\dhcpcsvc6.DLL
0x00007ffb27b80000 - 0x00007ffb27b9c000 	C:\Windows\SYSTEM32\dhcpcsvc.DLL
0x00007ffb32960000 - 0x00007ffb32a2b000 	C:\Windows\SYSTEM32\DNSAPI.dll
0x00007ffb1a060000 - 0x00007ffb1a06e000 	C:\Program Files\Java\jdk-13.0.2\bin\sunmscapi.dll
0x00007ffb33690000 - 0x00007ffb337d9000 	C:\Windows\System32\CRYPT32.dll
0x00007ffb33480000 - 0x00007ffb33492000 	C:\Windows\System32\MSASN1.dll
0x00007ffb32ee0000 - 0x00007ffb32f06000 	C:\Windows\SYSTEM32\ncrypt.dll
0x00007ffb32ea0000 - 0x00007ffb32edb000 	C:\Windows\SYSTEM32\NTASN1.dll
0x00007ffb1a030000 - 0x00007ffb1a055000 	C:\Program Files\Java\jdk-13.0.2\bin\sunec.dll
0x00007ffb2b7d0000 - 0x00007ffb2b7da000 	C:\Windows\System32\rasadhlp.dll
0x00007ffb26d80000 - 0x00007ffb26df7000 	C:\Windows\System32\fwpuclnt.dll

dbghelp: loaded successfully - version: 4.0.5 - missing functions: none
symbol engine: initialized successfully - sym options: 0x614 - pdb path: .;C:\Program Files\Java\jdk-13.0.2\bin;C:\Windows\SYSTEM32;C:\Windows\WinSxS\amd64_microsoft.windows.common-controls_6595b64144ccf1df_6.0.18362.1082_none_9e8193e1e45b25c1;C:\Program Files\Java\jdk-13.0.2\bin\server;C:\Users\true_cookie\.gradle\native\c976cfcca226fdd4bee4412e95191dd41148b7504f9625baeda1d523bc39a967\windows-amd64

VM Arguments:
jvm_args: --add-opens=java.base/java.util=ALL-UNNAMED --add-opens=java.base/java.lang=ALL-UNNAMED --add-opens=java.base/java.lang.invoke=ALL-UNNAMED --add-opens=java.prefs/java.util.prefs=ALL-UNNAMED -XX:MaxMetaspaceSize=256m -XX:+HeapDumpOnOutOfMemoryError -Xms256m -Xmx512m -Dfile.encoding=windows-1251 -Duser.country=US -Duser.language=en -Duser.variant 
java_command: org.gradle.launcher.daemon.bootstrap.GradleDaemon 6.3
java_class_path (initial): C:\Users\true_cookie\.gradle\wrapper\dists\gradle-6.3-bin\8tpu6egwsccjzp10c1jckl0rx\gradle-6.3\lib\gradle-launcher-6.3.jar
Launcher Type: SUN_STANDARD

[Global flags]
     intx CICompilerCount                          = 3                                         {product} {ergonomic}
   size_t CompressedClassSpaceSize                 = 260046848                                 {product} {ergonomic}
     uint ConcGCThreads                            = 1                                         {product} {ergonomic}
     uint G1ConcRefinementThreads                  = 4                                         {product} {ergonomic}
   size_t G1HeapRegionSize                         = 1048576                                   {product} {ergonomic}
    uintx GCDrainStackTargetSize                   = 64                                        {product} {ergonomic}
     bool HeapDumpOnOutOfMemoryError               = true                                   {manageable} {command line}
   size_t InitialHeapSize                          = 268435456                                 {product} {command line}
   size_t MarkStackSize                            = 4194304                                   {product} {ergonomic}
   size_t MaxHeapSize                              = 536870912                                 {product} {command line}
   size_t MaxMetaspaceSize                         = 268435456                                 {product} {command line}
   size_t MaxNewSize                               = 321912832                                 {product} {ergonomic}
   size_t MinHeapDeltaBytes                        = 1048576                                   {product} {ergonomic}
   size_t MinHeapSize                              = 268435456                                 {product} {command line}
    uintx NonNMethodCodeHeapSize                   = 5832780                                {pd product} {ergonomic}
    uintx NonProfiledCodeHeapSize                  = 122912730                              {pd product} {ergonomic}
    uintx ProfiledCodeHeapSize                     = 122912730                              {pd product} {ergonomic}
    uintx ReservedCodeCacheSize                    = 251658240                              {pd product} {ergonomic}
     bool SegmentedCodeCache                       = true                                      {product} {ergonomic}
   size_t SoftMaxHeapSize                          = 536870912                              {manageable} {ergonomic}
     bool UseCompressedClassPointers               = true                                 {lp64_product} {ergonomic}
     bool UseCompressedOops                        = true                                 {lp64_product} {ergonomic}
     bool UseG1GC                                  = true                                      {product} {ergonomic}
     bool UseLargePagesIndividualAllocation        = false                                  {pd product} {ergonomic}

Logging:
Log output configuration:
 #0: stdout all=warning uptime,level,tags
 #1: stderr all=off uptime,level,tags

Environment Variables:
JAVA_HOME=C:\Program Files\Java\jdk-13.0.2
PATH=C:\Windows\system32;C:\Windows;C:\Windows\System32\Wbem;C:\Windows\System32\WindowsPowerShell\v1.0\;C:\Windows\System32\OpenSSH\;C:\Program Files\Java\jdk-13.0.2\bin;C:\Program Files\Git\cmd;C:\Program Files\PostgreSQL\12\bin;C:\Program Files\PostgreSQL\12\lib;C:\Users\true_cookie\AppData\Local\Microsoft\WindowsApps;C:\Program Files\JetBrains\IntelliJ IDEA Community Edition 2020.2.1\bin;;C:\Program Files\PostgreSQL\12\bin;C:\Program Files\PostgreSQL\12\lib;
USERNAME=true_cookie
OS=Windows_NT
PROCESSOR_IDENTIFIER=Intel64 Family 6 Model 76 Stepping 3, GenuineIntel



---------------  S Y S T E M  ---------------

OS: Windows 10 , 64 bit Build 18362 (10.0.18362.1082)

CPU:total 4 (initial active 4) (4 cores per cpu, 1 threads per core) family 6 model 76 stepping 3, cmov, cx8, fxsr, mmx, sse, sse2, sse3, ssse3, sse4.1, sse4.2, popcnt, aes, clmul, erms, 3dnowpref, tsc, tscinvbit

Memory: 4k page, system-wide physical 3998M (248M free)
TotalPageFile size 6046M (AvailPageFile size 1M)
current process WorkingSet (physical memory assigned to process): 356M, peak: 391M
current process commit charge ("private bytes"): 495M, peak: 501M

vm_info: Java HotSpot(TM) 64-Bit Server VM (13.0.2+8) for windows-amd64 JRE (13.0.2+8), built on Dec 11 2019 09:20:33 by "mach5one" with unknown MS VC++:1916

END.
